rm -f *.o pi_serial pi_omp_critical pi_omp_reduction *.data
/cluster/apps/gcc-4.8.5/gcc-11.4.0-xxnwhndqaqpuzs4l4ty4yj5tg2cexcg4/bin/gcc -c -O2 -fopenmp pi_serial.c
/cluster/apps/gcc-4.8.5/gcc-11.4.0-xxnwhndqaqpuzs4l4ty4yj5tg2cexcg4/bin/gcc -c -O2 -fopenmp walltime.c
/cluster/apps/gcc-4.8.5/gcc-11.4.0-xxnwhndqaqpuzs4l4ty4yj5tg2cexcg4/bin/gcc -O2 -fopenmp pi_serial.o walltime.o -o pi_serial
/cluster/apps/gcc-4.8.5/gcc-11.4.0-xxnwhndqaqpuzs4l4ty4yj5tg2cexcg4/bin/gcc -c -O2 -fopenmp pi_omp_critical.c
/cluster/apps/gcc-4.8.5/gcc-11.4.0-xxnwhndqaqpuzs4l4ty4yj5tg2cexcg4/bin/gcc -O2 -fopenmp pi_omp_critical.o walltime.o -o pi_omp_critical
/cluster/apps/gcc-4.8.5/gcc-11.4.0-xxnwhndqaqpuzs4l4ty4yj5tg2cexcg4/bin/gcc -c -O2 -fopenmp pi_omp_reduction.c
/cluster/apps/gcc-4.8.5/gcc-11.4.0-xxnwhndqaqpuzs4l4ty4yj5tg2cexcg4/bin/gcc -O2 -fopenmp pi_omp_reduction.o walltime.o -o pi_omp_reduction
Running with OMP_NUM_THREADS=1 and N=1000000 ...
pi = 3.141592653589764, N =   1000000, time = 0.00302896 secs
pi = 3.141592653589764, N =   1000000, time = 0.00253877 secs
pi = 3.141592653589764, N =   1000000, time = 0.00303932 secs
Running with OMP_NUM_THREADS=2 and N=2000000 ...
pi = 3.141592653589994, N =   2000000, time = 0.00607287 secs
pi = 3.141592653589796, N =   2000000, time = 0.00308587 secs
pi = 3.141592653589796, N =   2000000, time = 0.00313620 secs
Running with OMP_NUM_THREADS=3 and N=3000000 ...
pi = 3.141592653589610, N =   3000000, time = 0.00681749 secs
pi = 3.141592653589739, N =   3000000, time = 0.00311302 secs
pi = 3.141592653589739, N =   3000000, time = 0.00313365 secs
Running with OMP_NUM_THREADS=4 and N=4000000 ...
pi = 3.141592653589683, N =   4000000, time = 0.01015397 secs
pi = 3.141592653589802, N =   4000000, time = 0.00317208 secs
pi = 3.141592653589802, N =   4000000, time = 0.00261049 secs
Running with OMP_NUM_THREADS=5 and N=5000000 ...
pi = 3.141592653589587, N =   5000000, time = 0.01089259 secs
pi = 3.141592653589785, N =   5000000, time = 0.00322869 secs
pi = 3.141592653589785, N =   5000000, time = 0.00321501 secs
Running with OMP_NUM_THREADS=6 and N=6000000 ...
pi = 3.141592653589561, N =   6000000, time = 0.01282508 secs
pi = 3.141592653589778, N =   6000000, time = 0.00320732 secs
pi = 3.141592653589778, N =   6000000, time = 0.00321936 secs
Running with OMP_NUM_THREADS=7 and N=7000000 ...
pi = 3.141592653590019, N =   7000000, time = 0.01458961 secs
pi = 3.141592653589813, N =   7000000, time = 0.00317955 secs
pi = 3.141592653589813, N =   7000000, time = 0.00317437 secs
Running with OMP_NUM_THREADS=8 and N=8000000 ...
pi = 3.141592653590072, N =   8000000, time = 0.01662749 secs
pi = 3.141592653589758, N =   8000000, time = 0.00321054 secs
pi = 3.141592653589759, N =   8000000, time = 0.00320990 secs
Running with OMP_NUM_THREADS=9 and N=9000000 ...
pi = 3.141592653590005, N =   9000000, time = 0.01861070 secs
pi = 3.141592653589836, N =   9000000, time = 0.00323187 secs
pi = 3.141592653589836, N =   9000000, time = 0.00322292 secs
Running with OMP_NUM_THREADS=10 and N=10000000 ...
pi = 3.141592653589731, N =  10000000, time = 0.02541839 secs
pi = 3.141592653589790, N =  10000000, time = 0.00331310 secs
pi = 3.141592653589790, N =  10000000, time = 0.00302324 secs
Running with OMP_NUM_THREADS=11 and N=11000000 ...
pi = 3.141592653589258, N =  11000000, time = 0.02084370 secs
pi = 3.141592653589834, N =  11000000, time = 0.00326113 secs
pi = 3.141592653589835, N =  11000000, time = 0.00330173 secs
Running with OMP_NUM_THREADS=12 and N=12000000 ...
pi = 3.141592653589930, N =  12000000, time = 0.03035722 secs
pi = 3.141592653589753, N =  12000000, time = 0.00336322 secs
pi = 3.141592653589754, N =  12000000, time = 0.00332664 secs
Running with OMP_NUM_THREADS=13 and N=13000000 ...
pi = 3.141592653590146, N =  13000000, time = 0.03364475 secs
pi = 3.141592653589778, N =  13000000, time = 0.00334429 secs
pi = 3.141592653589778, N =  13000000, time = 0.00337260 secs
Running with OMP_NUM_THREADS=14 and N=14000000 ...
pi = 3.141592653589760, N =  14000000, time = 0.03541197 secs
pi = 3.141592653589799, N =  14000000, time = 0.00344267 secs
pi = 3.141592653589799, N =  14000000, time = 0.00340234 secs
Running with OMP_NUM_THREADS=15 and N=15000000 ...
pi = 3.141592653590057, N =  15000000, time = 0.02984216 secs
pi = 3.141592653589834, N =  15000000, time = 0.00340243 secs
pi = 3.141592653589834, N =  15000000, time = 0.00336291 secs
Running with OMP_NUM_THREADS=16 and N=16000000 ...
pi = 3.141592653590104, N =  16000000, time = 0.03175309 secs
pi = 3.141592653589782, N =  16000000, time = 0.00346821 secs
pi = 3.141592653589782, N =  16000000, time = 0.00341979 secs
Running with OMP_NUM_THREADS=17 and N=17000000 ...
pi = 3.141592653589928, N =  17000000, time = 0.03387288 secs
pi = 3.141592653589798, N =  17000000, time = 0.00345364 secs
pi = 3.141592653589798, N =  17000000, time = 0.00343760 secs
Running with OMP_NUM_THREADS=18 and N=18000000 ...
pi = 3.141592653590242, N =  18000000, time = 0.03539661 secs
pi = 3.141592653589773, N =  18000000, time = 0.00346191 secs
pi = 3.141592653589774, N =  18000000, time = 0.00358150 secs
Running with OMP_NUM_THREADS=19 and N=19000000 ...
pi = 3.141592653590277, N =  19000000, time = 0.03740748 secs
pi = 3.141592653589802, N =  19000000, time = 0.00346682 secs
pi = 3.141592653589802, N =  19000000, time = 0.00318518 secs
Running with OMP_NUM_THREADS=20 and N=20000000 ...
pi = 3.141592653589961, N =  20000000, time = 0.04156124 secs
pi = 3.141592653589773, N =  20000000, time = 0.00355157 secs
pi = 3.141592653589773, N =  20000000, time = 0.00345986 secs
Running with OMP_NUM_THREADS=21 and N=21000000 ...
pi = 3.141592653589721, N =  21000000, time = 0.03971266 secs
pi = 3.141592653589781, N =  21000000, time = 0.00773907 secs
pi = 3.141592653589781, N =  21000000, time = 0.00338445 secs
Running with OMP_NUM_THREADS=22 and N=22000000 ...
pi = 3.141592653589886, N =  22000000, time = 0.04157887 secs
pi = 3.141592653589773, N =  22000000, time = 0.00354857 secs
pi = 3.141592653589773, N =  22000000, time = 0.01332249 secs
Running with OMP_NUM_THREADS=23 and N=23000000 ...
pi = 3.141592653589804, N =  23000000, time = 0.04348279 secs
pi = 3.141592653589809, N =  23000000, time = 0.00351626 secs
pi = 3.141592653589810, N =  23000000, time = 0.01280540 secs
Running with OMP_NUM_THREADS=24 and N=24000000 ...
pi = 3.141592653590019, N =  24000000, time = 0.04538049 secs
pi = 3.141592653589758, N =  24000000, time = 0.01236708 secs
pi = 3.141592653589759, N =  24000000, time = 0.00327119 secs
Running with OMP_NUM_THREADS=25 and N=25000000 ...
pi = 3.141592653589980, N =  25000000, time = 0.04869521 secs
pi = 3.141592653589785, N =  25000000, time = 0.00994443 secs
pi = 3.141592653589785, N =  25000000, time = 0.00671714 secs
Running with OMP_NUM_THREADS=26 and N=26000000 ...
pi = 3.141592653590062, N =  26000000, time = 0.07304247 secs
pi = 3.141592653589793, N =  26000000, time = 0.00362211 secs
pi = 3.141592653589794, N =  26000000, time = 0.00730905 secs
Running with OMP_NUM_THREADS=27 and N=27000000 ...
pi = 3.141592653590002, N =  27000000, time = 0.06380144 secs
pi = 3.141592653589779, N =  27000000, time = 0.00354278 secs
pi = 3.141592653589779, N =  27000000, time = 0.00369415 secs
Running with OMP_NUM_THREADS=28 and N=28000000 ...
pi = 3.141592653590058, N =  28000000, time = 0.07067440 secs
pi = 3.141592653589768, N =  28000000, time = 0.02153067 secs
pi = 3.141592653589769, N =  28000000, time = 0.00350075 secs
Running with OMP_NUM_THREADS=29 and N=29000000 ...
pi = 3.141592653589222, N =  29000000, time = 0.07321388 secs
pi = 3.141592653589798, N =  29000000, time = 0.01494587 secs
pi = 3.141592653589798, N =  29000000, time = 0.00764400 secs
Running with OMP_NUM_THREADS=30 and N=30000000 ...
pi = 3.141592653589050, N =  30000000, time = 0.08266723 secs
pi = 3.141592653589805, N =  30000000, time = 0.00400598 secs
pi = 3.141592653589804, N =  30000000, time = 0.00369374 secs
Running with OMP_NUM_THREADS=31 and N=31000000 ...
pi = 3.141592653589357, N =  31000000, time = 0.07854578 secs
pi = 3.141592653589783, N =  31000000, time = 0.02364310 secs
pi = 3.141592653589784, N =  31000000, time = 0.00363036 secs
Running with OMP_NUM_THREADS=32 and N=32000000 ...
pi = 3.141592653589722, N =  32000000, time = 0.08140607 secs
pi = 3.141592653589795, N =  32000000, time = 0.01716612 secs
pi = 3.141592653589795, N =  32000000, time = 0.01604783 secs
Running with OMP_NUM_THREADS=33 and N=33000000 ...
pi = 3.141592653590894, N =  33000000, time = 0.08323845 secs
pi = 3.141592653589803, N =  33000000, time = 0.00984918 secs
pi = 3.141592653589803, N =  33000000, time = 0.02822051 secs
Running with OMP_NUM_THREADS=34 and N=34000000 ...
pi = 3.141592653589744, N =  34000000, time = 0.08578701 secs
pi = 3.141592653589762, N =  34000000, time = 0.02148612 secs
pi = 3.141592653589762, N =  34000000, time = 0.00375447 secs
Running with OMP_NUM_THREADS=35 and N=35000000 ...
pi = 3.141592653589472, N =  35000000, time = 0.08840845 secs
pi = 3.141592653589806, N =  35000000, time = 0.02399120 secs
pi = 3.141592653589806, N =  35000000, time = 0.00382096 secs
Running with OMP_NUM_THREADS=36 and N=36000000 ...
pi = 3.141592653589775, N =  36000000, time = 0.09222215 secs
pi = 3.141592653589799, N =  36000000, time = 0.02098516 secs
pi = 3.141592653589799, N =  36000000, time = 0.02545558 secs
Running with OMP_NUM_THREADS=37 and N=37000000 ...
pi = 3.141592653589219, N =  37000000, time = 0.09331658 secs
pi = 3.141592653589779, N =  37000000, time = 0.02512550 secs
pi = 3.141592653589779, N =  37000000, time = 0.02714683 secs
Running with OMP_NUM_THREADS=38 and N=38000000 ...
pi = 3.141592653590075, N =  38000000, time = 0.09606929 secs
pi = 3.141592653589790, N =  38000000, time = 0.02529289 secs
pi = 3.141592653589790, N =  38000000, time = 0.01843677 secs
Running with OMP_NUM_THREADS=39 and N=39000000 ...
pi = 3.141592653589842, N =  39000000, time = 0.09854550 secs
pi = 3.141592653589755, N =  39000000, time = 0.03734471 secs
pi = 3.141592653589755, N =  39000000, time = 0.03911955 secs
Running with OMP_NUM_THREADS=40 and N=40000000 ...
pi = 3.141592653588801, N =  40000000, time = 0.10086287 secs
pi = 3.141592653589774, N =  40000000, time = 0.03341852 secs
pi = 3.141592653589774, N =  40000000, time = 0.01421305 secs
Running with OMP_NUM_THREADS=41 and N=41000000 ...
pi = 3.141592653590616, N =  41000000, time = 0.10403071 secs
pi = 3.141592653589799, N =  41000000, time = 0.02270793 secs
pi = 3.141592653589800, N =  41000000, time = 0.00386124 secs
Running with OMP_NUM_THREADS=42 and N=42000000 ...
pi = 3.141592653589331, N =  42000000, time = 0.11013634 secs
pi = 3.141592653589785, N =  42000000, time = 0.02233746 secs
pi = 3.141592653589786, N =  42000000, time = 0.02590800 secs
Running with OMP_NUM_THREADS=43 and N=43000000 ...
pi = 3.141592653589658, N =  43000000, time = 0.10848022 secs
pi = 3.141592653589819, N =  43000000, time = 0.03256656 secs
pi = 3.141592653589819, N =  43000000, time = 0.01724136 secs
Running with OMP_NUM_THREADS=44 and N=44000000 ...
pi = 3.141592653589563, N =  44000000, time = 0.11112471 secs
pi = 3.141592653589794, N =  44000000, time = 0.03925611 secs
pi = 3.141592653589794, N =  44000000, time = 0.01923157 secs
Running with OMP_NUM_THREADS=45 and N=45000000 ...
pi = 3.141592653589638, N =  45000000, time = 0.11353903 secs
pi = 3.141592653589800, N =  45000000, time = 0.01908811 secs
pi = 3.141592653589799, N =  45000000, time = 0.02409788 secs
Running with OMP_NUM_THREADS=46 and N=46000000 ...
pi = 3.141592653589542, N =  46000000, time = 0.11611937 secs
pi = 3.141592653589830, N =  46000000, time = 0.01913156 secs
pi = 3.141592653589829, N =  46000000, time = 0.02661789 secs
Running with OMP_NUM_THREADS=47 and N=47000000 ...
pi = 3.141592653589415, N =  47000000, time = 0.11882496 secs
pi = 3.141592653589810, N =  47000000, time = 0.03459818 secs
pi = 3.141592653589810, N =  47000000, time = 0.02367934 secs
Running with OMP_NUM_THREADS=48 and N=48000000 ...
pi = 3.141592653589363, N =  48000000, time = 0.12109783 secs
pi = 3.141592653589802, N =  48000000, time = 0.02861400 secs
pi = 3.141592653589801, N =  48000000, time = 0.02101362 secs
