rm -f benchmark-naive benchmark-blocked benchmark-blas benchmark.o dgemm-naive.o dgemm-blocked.o dgemm-blas.o
gcc                          -c -Wall -std=gnu99 -O3                          benchmark.c
gcc                          -c -Wall -std=gnu99 -O3                          dgemm-naive.c
gcc                          -o benchmark-naive benchmark.o dgemm-naive.o -L/cluster/apps/gcc-11.4.0/openblas-0.3.20-ssgo6yxxzud3xbfabkvv77e6lpnq7hep -lopenblas              
gcc                          -c -Wall -std=gnu99 -O3                          dgemm-blocked.c
gcc                          -o benchmark-blocked benchmark.o dgemm-blocked.o -L/cluster/apps/gcc-11.4.0/openblas-0.3.20-ssgo6yxxzud3xbfabkvv77e6lpnq7hep -lopenblas              
gcc                          -c -Wall -std=gnu99 -O3                          dgemm-blas.c
gcc                          -o benchmark-blas benchmark.o dgemm-blas.o -L/cluster/apps/gcc-11.4.0/openblas-0.3.20-ssgo6yxxzud3xbfabkvv77e6lpnq7hep -lopenblas              
==== benchmark-naive ======================
# Description:	Naive, three-loop dgemm.

Size:       31	Gflop/s:     2.64	Percentage:    6.74
Size:       32	Gflop/s:     2.61	Percentage:    6.66
Size:       96	Gflop/s:     2.22	Percentage:    5.65
Size:       97	Gflop/s:     2.31	Percentage:    5.90
Size:      127	Gflop/s:     2.11	Percentage:    5.37
Size:      128	Gflop/s:     1.25	Percentage:    3.19
Size:      129	Gflop/s:     2.11	Percentage:    5.38
Size:      191	Gflop/s:     2.48	Percentage:    6.32
Size:      192	Gflop/s:     1.60	Percentage:    4.08
Size:      229	Gflop/s:     2.44	Percentage:    6.22
Size:      255	Gflop/s:     2.42	Percentage:    6.18
Size:      256	Gflop/s:     0.94	Percentage:    2.40
Size:      257	Gflop/s:     2.42	Percentage:    6.17
Size:      319	Gflop/s:     2.39	Percentage:    6.10
Size:      320	Gflop/s:     1.56	Percentage:    3.97
Size:      321	Gflop/s:     2.39	Percentage:    6.10
Size:      417	Gflop/s:     2.36	Percentage:    6.02
Size:      479	Gflop/s:     2.34	Percentage:    5.98
Size:      480	Gflop/s:     2.26	Percentage:    5.77
Size:      511	Gflop/s:     2.32	Percentage:    5.93
Size:      512	Gflop/s:     0.54	Percentage:    1.37
Size:      639	Gflop/s:     2.16	Percentage:    5.50
Size:      640	Gflop/s:     1.48	Percentage:    3.77
Size:      767	Gflop/s:     2.29	Percentage:    5.84
Size:      768	Gflop/s:     0.83	Percentage:    2.13
Size:      769	Gflop/s:     2.31	Percentage:    5.90
Size:      800	Gflop/s:     2.24	Percentage:    5.71
Size:      900	Gflop/s:     2.31	Percentage:    5.90
Size:     1000	Gflop/s:     2.29	Percentage:    5.84
Size:     1100	Gflop/s:     2.31	Percentage:    5.88
Size:     1200	Gflop/s:     2.27	Percentage:    5.78
# Average percentage of peak performance = 5.2818

==== benchmark-blas =======================
# Description:	Reference dgemm.

Size:       31	Gflop/s:    24.68	Percentage:   62.96
Size:       32	Gflop/s:    20.20	Percentage:   51.54
Size:       96	Gflop/s:    34.99	Percentage:   89.27
Size:       97	Gflop/s:    34.27	Percentage:   87.41
Size:      127	Gflop/s:    36.62	Percentage:   93.41
Size:      128	Gflop/s:    37.45	Percentage:   95.54
Size:      129	Gflop/s:    37.29	Percentage:   95.13
Size:      191	Gflop/s:    40.63	Percentage:  103.65
Size:      192	Gflop/s:    41.96	Percentage:  107.05
Size:      229	Gflop/s:    42.52	Percentage:  108.47
Size:      255	Gflop/s:    42.93	Percentage:  109.51
Size:      256	Gflop/s:    43.98	Percentage:  112.18
Size:      257	Gflop/s:    43.13	Percentage:  110.01
Size:      319	Gflop/s:    44.23	Percentage:  112.82
Size:      320	Gflop/s:    45.62	Percentage:  116.38
Size:      321	Gflop/s:    45.21	Percentage:  115.33
Size:      417	Gflop/s:    47.55	Percentage:  121.29
Size:      479	Gflop/s:    47.21	Percentage:  120.44
Size:      480	Gflop/s:    48.38	Percentage:  123.42
Size:      511	Gflop/s:    46.64	Percentage:  118.98
Size:      512	Gflop/s:    46.00	Percentage:  117.35
Size:      639	Gflop/s:    48.01	Percentage:  122.48
Size:      640	Gflop/s:    48.61	Percentage:  123.99
Size:      767	Gflop/s:    48.26	Percentage:  123.11
Size:      768	Gflop/s:    48.88	Percentage:  124.69
Size:      769	Gflop/s:    48.59	Percentage:  123.96
Size:      800	Gflop/s:    49.26	Percentage:  125.67
Size:      900	Gflop/s:    49.45	Percentage:  126.14
Size:     1000	Gflop/s:    49.82	Percentage:  127.09
Size:     1100	Gflop/s:    49.26	Percentage:  125.67
Size:     1200	Gflop/s:    49.82	Percentage:  127.10
# Average percentage of peak performance = 110.39

==== benchmark-blocked ====================
# Description:	Blocked dgemm.

Size:       31	Gflop/s:     3.74	Percentage:    9.54
Size:       32	Gflop/s:     4.08	Percentage:   10.41
Size:       96	Gflop/s:     4.16	Percentage:   10.60
Size:       97	Gflop/s:     4.33	Percentage:   11.05
Size:      127	Gflop/s:     4.06	Percentage:   10.35
Size:      128	Gflop/s:     1.79	Percentage:    4.56
Size:      129	Gflop/s:     4.25	Percentage:   10.84
Size:      191	Gflop/s:     4.11	Percentage:   10.49
Size:      192	Gflop/s:     4.16	Percentage:   10.60
Size:      229	Gflop/s:     4.50	Percentage:   11.47
Size:      255	Gflop/s:     4.13	Percentage:   10.54
Size:      256	Gflop/s:     0.55	Percentage:    1.41
Size:      257	Gflop/s:     4.05	Percentage:   10.32
Size:      319	Gflop/s:     5.71	Percentage:   14.58
Size:      320	Gflop/s:     5.75	Percentage:   14.67
Size:      321	Gflop/s:     5.83	Percentage:   14.87
Size:      417	Gflop/s:     5.38	Percentage:   13.71
Size:      479	Gflop/s:     4.62	Percentage:   11.79
Size:      480	Gflop/s:     4.66	Percentage:   11.90
Size:      511	Gflop/s:     3.22	Percentage:    8.20
Size:      512	Gflop/s:     0.34	Percentage:    0.86
Size:      639	Gflop/s:     4.88	Percentage:   12.44
Size:      640	Gflop/s:     2.54	Percentage:    6.47
Size:      767	Gflop/s:     4.51	Percentage:   11.51
Size:      768	Gflop/s:     0.68	Percentage:    1.74
Size:      769	Gflop/s:     4.54	Percentage:   11.59
Size:      800	Gflop/s:     4.67	Percentage:   11.91
Size:      900	Gflop/s:     5.28	Percentage:   13.46
Size:     1000	Gflop/s:     5.03	Percentage:   12.83
Size:     1100	Gflop/s:     4.72	Percentage:   12.05
Size:     1200	Gflop/s:     4.99	Percentage:   12.73
# Average percentage of peak performance = 10.3063

==== plot results =========================
