rm -f benchmark-naive benchmark-blocked benchmark-blas benchmark.o dgemm-naive.o dgemm-blocked.o dgemm-blas.o
gcc                          -c -Wall -std=gnu99 -O0                          benchmark.c
gcc                          -c -Wall -std=gnu99 -O0                          dgemm-naive.c
gcc                          -o benchmark-naive benchmark.o dgemm-naive.o -L/cluster/apps/gcc-11.4.0/openblas-0.3.20-ssgo6yxxzud3xbfabkvv77e6lpnq7hep -lopenblas              
gcc                          -c -Wall -std=gnu99 -O0                          dgemm-blocked.c
gcc                          -o benchmark-blocked benchmark.o dgemm-blocked.o -L/cluster/apps/gcc-11.4.0/openblas-0.3.20-ssgo6yxxzud3xbfabkvv77e6lpnq7hep -lopenblas              
gcc                          -c -Wall -std=gnu99 -O0                          dgemm-blas.c
gcc                          -o benchmark-blas benchmark.o dgemm-blas.o -L/cluster/apps/gcc-11.4.0/openblas-0.3.20-ssgo6yxxzud3xbfabkvv77e6lpnq7hep -lopenblas              
==== benchmark-naive ======================
# Description:	Naive, three-loop dgemm.

Size:       31	Gflop/s:     0.35	Percentage:    0.89
Size:       32	Gflop/s:     0.35	Percentage:    0.89
Size:       96	Gflop/s:     0.32	Percentage:    0.82
Size:       97	Gflop/s:     0.41	Percentage:    1.04
Size:      127	Gflop/s:     0.41	Percentage:    1.05
Size:      128	Gflop/s:     0.51	Percentage:    1.29
Size:      129	Gflop/s:     0.52	Percentage:    1.32
Size:      191	Gflop/s:     0.51	Percentage:    1.30
Size:      192	Gflop/s:     0.51	Percentage:    1.31
Size:      229	Gflop/s:     0.51	Percentage:    1.31
Size:      255	Gflop/s:     0.51	Percentage:    1.31
Size:      256	Gflop/s:     0.50	Percentage:    1.27
Size:      257	Gflop/s:     0.51	Percentage:    1.31
Size:      319	Gflop/s:     0.52	Percentage:    1.32
Size:      320	Gflop/s:     0.51	Percentage:    1.31
Size:      321	Gflop/s:     0.51	Percentage:    1.31
Size:      417	Gflop/s:     0.52	Percentage:    1.32
Size:      479	Gflop/s:     0.52	Percentage:    1.32
Size:      480	Gflop/s:     0.52	Percentage:    1.32
Size:      511	Gflop/s:     0.52	Percentage:    1.31
Size:      512	Gflop/s:     0.41	Percentage:    1.05
Size:      639	Gflop/s:     0.52	Percentage:    1.32
Size:      640	Gflop/s:     0.50	Percentage:    1.27
Size:      767	Gflop/s:     0.52	Percentage:    1.32
Size:      768	Gflop/s:     0.46	Percentage:    1.18
Size:      769	Gflop/s:     0.52	Percentage:    1.32
Size:      800	Gflop/s:     0.52	Percentage:    1.31
Size:      900	Gflop/s:     0.52	Percentage:    1.32
Size:     1000	Gflop/s:     0.52	Percentage:    1.32
Size:     1100	Gflop/s:     0.52	Percentage:    1.32
Size:     1200	Gflop/s:     0.52	Percentage:    1.32
# Average percentage of peak performance = 1.23658

==== benchmark-blas =======================
# Description:	Reference dgemm.

Size:       31	Gflop/s:    24.89	Percentage:   63.50
Size:       32	Gflop/s:    20.32	Percentage:   51.83
Size:       96	Gflop/s:    35.20	Percentage:   89.80
Size:       97	Gflop/s:    34.40	Percentage:   87.74
Size:      127	Gflop/s:    36.73	Percentage:   93.69
Size:      128	Gflop/s:    37.70	Percentage:   96.17
Size:      129	Gflop/s:    37.30	Percentage:   95.15
Size:      191	Gflop/s:    40.66	Percentage:  103.73
Size:      192	Gflop/s:    42.25	Percentage:  107.77
Size:      229	Gflop/s:    42.90	Percentage:  109.45
Size:      255	Gflop/s:    42.86	Percentage:  109.34
Size:      256	Gflop/s:    43.95	Percentage:  112.13
Size:      257	Gflop/s:    43.33	Percentage:  110.54
Size:      319	Gflop/s:    44.40	Percentage:  113.26
Size:      320	Gflop/s:    46.10	Percentage:  117.60
Size:      321	Gflop/s:    45.69	Percentage:  116.55
Size:      417	Gflop/s:    47.51	Percentage:  121.19
Size:      479	Gflop/s:    47.01	Percentage:  119.92
Size:      480	Gflop/s:    48.45	Percentage:  123.60
Size:      511	Gflop/s:    46.41	Percentage:  118.39
Size:      512	Gflop/s:    45.82	Percentage:  116.88
Size:      639	Gflop/s:    47.92	Percentage:  122.23
Size:      640	Gflop/s:    48.85	Percentage:  124.62
Size:      767	Gflop/s:    48.55	Percentage:  123.86
Size:      768	Gflop/s:    49.08	Percentage:  125.20
Size:      769	Gflop/s:    48.88	Percentage:  124.70
Size:      800	Gflop/s:    49.45	Percentage:  126.16
Size:      900	Gflop/s:    49.63	Percentage:  126.60
Size:     1000	Gflop/s:    50.08	Percentage:  127.77
Size:     1100	Gflop/s:    49.61	Percentage:  126.55
Size:     1200	Gflop/s:    50.11	Percentage:  127.83
# Average percentage of peak performance = 110.766

==== benchmark-blocked ====================
# Description:	Blocked dgemm.

Size:       31	Gflop/s:     0.47	Percentage:    1.20
Size:       32	Gflop/s:     0.47	Percentage:    1.20
Size:       96	Gflop/s:     0.47	Percentage:    1.19
Size:       97	Gflop/s:     0.46	Percentage:    1.17
Size:      127	Gflop/s:     0.48	Percentage:    1.21
Size:      128	Gflop/s:     0.47	Percentage:    1.20
Size:      129	Gflop/s:     0.48	Percentage:    1.21
Size:      191	Gflop/s:     0.47	Percentage:    1.21
Size:      192	Gflop/s:     0.47	Percentage:    1.19
Size:      229	Gflop/s:     0.48	Percentage:    1.21
Size:      255	Gflop/s:     0.48	Percentage:    1.21
Size:      256	Gflop/s:     0.46	Percentage:    1.18
Size:      257	Gflop/s:     0.48	Percentage:    1.21
Size:      319	Gflop/s:     0.48	Percentage:    1.21
Size:      320	Gflop/s:     0.42	Percentage:    1.07
Size:      321	Gflop/s:     0.48	Percentage:    1.21
Size:      417	Gflop/s:     0.48	Percentage:    1.22
Size:      479	Gflop/s:     0.48	Percentage:    1.22
Size:      480	Gflop/s:     0.47	Percentage:    1.19
Size:      511	Gflop/s:     0.48	Percentage:    1.22
Size:      512	Gflop/s:     0.40	Percentage:    1.01
Size:      639	Gflop/s:     0.48	Percentage:    1.22
Size:      640	Gflop/s:     0.43	Percentage:    1.09
Size:      767	Gflop/s:     0.48	Percentage:    1.22
Size:      768	Gflop/s:     0.44	Percentage:    1.13
Size:      769	Gflop/s:     0.48	Percentage:    1.22
Size:      800	Gflop/s:     0.47	Percentage:    1.19
Size:      900	Gflop/s:     0.47	Percentage:    1.20
Size:     1000	Gflop/s:     0.47	Percentage:    1.19
Size:     1100	Gflop/s:     0.47	Percentage:    1.20
Size:     1200	Gflop/s:     0.46	Percentage:    1.17
# Average percentage of peak performance = 1.18663

==== plot results =========================
