rank 0 / 16 : (0, 0) neigh N:S 4:-2 neigh E:W 1:-2 local dims 32 x 32 local domain [0, 31] x [0, 31]
rank 1 / 16 : (0, 1) neigh N:S 5:-2 neigh E:W 2:0 local dims 32 x 32 local domain [0, 31] x [32, 63]
rank 2 / 16 : (0, 2) neigh N:S 6:-2 neigh E:W 3:1 local dims 32 x 32 local domain [0, 31] x [64, 95]
rank 3 / 16 : (0, 3) neigh N:S 7:-2 neigh E:W -2:2 local dims 32 x 32 local domain [0, 31] x [96, 127]
rank 4 / 16 : (1, 0) neigh N:S 8:0 neigh E:W 5:-2 local dims 32 x 32 local domain [32, 63] x [0, 31]
rank 5 / 16 : (1, 1) neigh N:S 9:1 neigh E:W 6:4 local dims 32 x 32 local domain [32, 63] x [32, 63]
rank 6 / 16 : (1, 2) neigh N:S 10:2 neigh E:W 7:5 local dims 32 x 32 local domain [32, 63] x [64, 95]
rank 7 / 16 : (1, 3) neigh N:S 11:3 neigh E:W -2:6 local dims 32 x 32 local domain [32, 63] x [96, 127]
rank 8 / 16 : (2, 0) neigh N:S 12:4 neigh E:W 9:-2 local dims 32 x 32 local domain [64, 95] x [0, 31]
rank 9 / 16 : (2, 1) neigh N:S 13:5 neigh E:W 10:8 local dims 32 x 32 local domain [64, 95] x [32, 63]
rank 10 / 16 : (2, 2) neigh N:S 14:6 neigh E:W 11:9 local dims 32 x 32 local domain [64, 95] x [64, 95]
rank 11 / 16 : (2, 3) neigh N:S 15:7 neigh E:W -2:10 local dims 32 x 32 local domain [64, 95] x [96, 127]
rank 12 / 16 : (3, 0) neigh N:S -2:8 neigh E:W 13:-2 local dims 32 x 32 local domain [96, 127] x [0, 31]
rank 13 / 16 : (3, 1) neigh N:S -2:9 neigh E:W 14:12 local dims 32 x 32 local domain [96, 127] x [32, 63]
rank 14 / 16 : (3, 2) neigh N:S -2:10 neigh E:W 15:13 local dims 32 x 32 local domain [96, 127] x [64, 95]
rank 15 / 16 : (3, 3) neigh N:S -2:11 neigh E:W -2:14 local dims 32 x 32 local domain [96, 127] x [96, 127]
================================================================================
                      Welcome to mini-stencil!
version   :: C++ MPI
processes :: 16
mesh      :: 128 * 128 dx = 0.00787402
time      :: 1000 time steps from 0 .. 0.005
iteration :: CG 300, Newton 50, tolerance 1e-06
================================================================================
--------------------------------------------------------------------------------
simulation took 0.0993469 seconds
2747 conjugate gradient iterations, at rate of 27650.6 iters/second
2419 newton iterations
--------------------------------------------------------------------------------
### 16, 128, 1000, 2747, 2419, 0.0993469 ###
Goodbye!
rank 5 / 16 : (1, 1) neigh N:S 9:1 neigh E:W 6:4 local dims 32 x 32 local domain [32, 63] x [32, 63]
rank 6 / 16 : (1, 2) neigh N:S 10:2 neigh E:W 7:5 local dims 32 x 32 local domain [32, 63] x [64, 95]
rank 7 / 16 : (1, 3) neigh N:S 11:3 neigh E:W -2:6 local dims 32 x 32 local domain [32, 63] x [96, 127]
rank 8 / 16 : (2, 0) neigh N:S 12:4 neigh E:W 9:-2 local dims 32 x 32 local domain [64, 95] x [0, 31]
rank 9 / 16 : (2, 1) neigh N:S 13:5 neigh E:W 10:8 local dims 32 x 32 local domain [64, 95] x [32, 63]
rank 10 / 16 : (2, 2) neigh N:S 14:6 neigh E:W 11:9 local dims 32 x 32 local domain [64, 95] x [64, 95]
rank 11 / 16 : (2, 3) neigh N:S 15:7 neigh E:W -2:10 local dims 32 x 32 local domain [64, 95] x [96, 127]
rank 12 / 16 : (3, 0) neigh N:S -2:8 neigh E:W 13:-2 local dims 32 x 32 local domain [96, 127] x [0, 31]
rank 13 / 16 : (3, 1) neigh N:S -2:9 neigh E:W 14:12 local dims 32 x 32 local domain [96, 127] x [32, 63]
rank 14 / 16 : (3, 2) neigh N:S -2:10 neigh E:W 15:13 local dims 32 x 32 local domain [96, 127] x [64, 95]
rank 15 / 16 : (3, 3) neigh N:S -2:11 neigh E:W -2:14 local dims 32 x 32 local domain [96, 127] x [96, 127]
rank 0 / 16 : (0, 0) neigh N:S 4:-2 neigh E:W 1:-2 local dims 32 x 32 local domain [0, 31] x [0, 31]
================================================================================
                      Welcome to mini-stencil!
version   :: C++ MPI
processes :: 16
mesh      :: 128 * 128 dx = 0.00787402
time      :: 1000 time steps from 0 .. 0.005
iteration :: CG 300, Newton 50, tolerance 1e-06
================================================================================
rank 1 / 16 : (0, 1) neigh N:S 5:-2 neigh E:W 2:0 local dims 32 x 32 local domain [0, 31] x [32, 63]
rank 2 / 16 : (0, 2) neigh N:S 6:-2 neigh E:W 3:1 local dims 32 x 32 local domain [0, 31] x [64, 95]
rank 3 / 16 : (0, 3) neigh N:S 7:-2 neigh E:W -2:2 local dims 32 x 32 local domain [0, 31] x [96, 127]
rank 4 / 16 : (1, 0) neigh N:S 8:0 neigh E:W 5:-2 local dims 32 x 32 local domain [32, 63] x [0, 31]
--------------------------------------------------------------------------------
simulation took 0.0969931 seconds
2747 conjugate gradient iterations, at rate of 28321.6 iters/second
2419 newton iterations
--------------------------------------------------------------------------------
### 16, 128, 1000, 2747, 2419, 0.0969931 ###
Goodbye!
rank 12 / 16 : (3, 0) neigh N:S -2:8 neigh E:W 13:-2 local dims 32 x 32 local domain [96, 127] x [0, 31]
rank 13 / 16 : (3, 1) neigh N:S -2:9 neigh E:W 14:12 local dims 32 x 32 local domain [96, 127] x [32, 63]
rank 14 / 16 : (3, 2) neigh N:S -2:10 neigh E:W 15:13 local dims 32 x 32 local domain [96, 127] x [64, 95]
rank 15 / 16 : (3, 3) neigh N:S -2:11 neigh E:W -2:14 local dims 32 x 32 local domain [96, 127] x [96, 127]
rank 0 / 16 : (0, 0) neigh N:S 4:-2 neigh E:W 1:-2 local dims 32 x 32 local domain [0, 31] x [0, 31]
================================================================================
                      Welcome to mini-stencil!
version   :: C++ MPI
processes :: 16
mesh      :: 128 * 128 dx = 0.00787402
time      :: 1000 time steps from 0 .. 0.005
iteration :: CG 300, Newton 50, tolerance 1e-06
================================================================================
rank 1 / 16 : (0, 1) neigh N:S 5:-2 neigh E:W 2:0 local dims 32 x 32 local domain [0, 31] x [32, 63]
rank 2 / 16 : (0, 2) neigh N:S 6:-2 neigh E:W 3:1 local dims 32 x 32 local domain [0, 31] x [64, 95]
rank 3 / 16 : (0, 3) neigh N:S 7:-2 neigh E:W -2:2 local dims 32 x 32 local domain [0, 31] x [96, 127]
rank 4 / 16 : (1, 0) neigh N:S 8:0 neigh E:W 5:-2 local dims 32 x 32 local domain [32, 63] x [0, 31]
rank 5 / 16 : (1, 1) neigh N:S 9:1 neigh E:W 6:4 local dims 32 x 32 local domain [32, 63] x [32, 63]
rank 6 / 16 : (1, 2) neigh N:S 10:2 neigh E:W 7:5 local dims 32 x 32 local domain [32, 63] x [64, 95]
rank 7 / 16 : (1, 3) neigh N:S 11:3 neigh E:W -2:6 local dims 32 x 32 local domain [32, 63] x [96, 127]
rank 8 / 16 : (2, 0) neigh N:S 12:4 neigh E:W 9:-2 local dims 32 x 32 local domain [64, 95] x [0, 31]
rank 9 / 16 : (2, 1) neigh N:S 13:5 neigh E:W 10:8 local dims 32 x 32 local domain [64, 95] x [32, 63]
rank 10 / 16 : (2, 2) neigh N:S 14:6 neigh E:W 11:9 local dims 32 x 32 local domain [64, 95] x [64, 95]
rank 11 / 16 : (2, 3) neigh N:S 15:7 neigh E:W -2:10 local dims 32 x 32 local domain [64, 95] x [96, 127]
--------------------------------------------------------------------------------
simulation took 0.10018 seconds
2747 conjugate gradient iterations, at rate of 27420.7 iters/second
2419 newton iterations
--------------------------------------------------------------------------------
### 16, 128, 1000, 2747, 2419, 0.10018 ###
Goodbye!
rank 5 / 16 : (1, 1) neigh N:S 9:1 neigh E:W 6:4 local dims 32 x 32 local domain [32, 63] x [32, 63]
rank 6 / 16 : (1, 2) neigh N:S 10:2 neigh E:W 7:5 local dims 32 x 32 local domain [32, 63] x [64, 95]
rank 7 / 16 : (1, 3) neigh N:S 11:3 neigh E:W -2:6 local dims 32 x 32 local domain [32, 63] x [96, 127]
rank 8 / 16 : (2, 0) neigh N:S 12:4 neigh E:W 9:-2 local dims 32 x 32 local domain [64, 95] x [0, 31]
rank 9 / 16 : (2, 1) neigh N:S 13:5 neigh E:W 10:8 local dims 32 x 32 local domain [64, 95] x [32, 63]
rank 10 / 16 : (2, 2) neigh N:S 14:6 neigh E:W 11:9 local dims 32 x 32 local domain [64, 95] x [64, 95]
rank 11 / 16 : (2, 3) neigh N:S 15:7 neigh E:W -2:10 local dims 32 x 32 local domain [64, 95] x [96, 127]
rank 12 / 16 : (3, 0) neigh N:S -2:8 neigh E:W 13:-2 local dims 32 x 32 local domain [96, 127] x [0, 31]
rank 13 / 16 : (3, 1) neigh N:S -2:9 neigh E:W 14:12 local dims 32 x 32 local domain [96, 127] x [32, 63]
rank 14 / 16 : (3, 2) neigh N:S -2:10 neigh E:W 15:13 local dims 32 x 32 local domain [96, 127] x [64, 95]
rank 15 / 16 : (3, 3) neigh N:S -2:11 neigh E:W -2:14 local dims 32 x 32 local domain [96, 127] x [96, 127]
rank 0 / 16 : (0, 0) neigh N:S 4:-2 neigh E:W 1:-2 local dims 32 x 32 local domain [0, 31] x [0, 31]
================================================================================
                      Welcome to mini-stencil!
version   :: C++ MPI
processes :: 16
mesh      :: 128 * 128 dx = 0.00787402
time      :: 1000 time steps from 0 .. 0.005
iteration :: CG 300, Newton 50, tolerance 1e-06
================================================================================
rank 1 / 16 : (0, 1) neigh N:S 5:-2 neigh E:W 2:0 local dims 32 x 32 local domain [0, 31] x [32, 63]
rank 2 / 16 : (0, 2) neigh N:S 6:-2 neigh E:W 3:1 local dims 32 x 32 local domain [0, 31] x [64, 95]
rank 3 / 16 : (0, 3) neigh N:S 7:-2 neigh E:W -2:2 local dims 32 x 32 local domain [0, 31] x [96, 127]
rank 4 / 16 : (1, 0) neigh N:S 8:0 neigh E:W 5:-2 local dims 32 x 32 local domain [32, 63] x [0, 31]
--------------------------------------------------------------------------------
simulation took 0.0831071 seconds
2747 conjugate gradient iterations, at rate of 33053.7 iters/second
2419 newton iterations
--------------------------------------------------------------------------------
### 16, 128, 1000, 2747, 2419, 0.0831071 ###
Goodbye!
rank 14 / 16 : (3, 2) neigh N:S -2:10 neigh E:W 15:13 local dims 32 x 32 local domain [96, 127] x [64, 95]
rank 15 / 16 : (3, 3) neigh N:S -2:11 neigh E:W -2:14 local dims 32 x 32 local domain [96, 127] x [96, 127]
rank 0 / 16 : (0, 0) neigh N:S 4:-2 neigh E:W 1:-2 local dims 32 x 32 local domain [0, 31] x [0, 31]
================================================================================
                      Welcome to mini-stencil!
version   :: C++ MPI
processes :: 16
mesh      :: 128 * 128 dx = 0.00787402
time      :: 1000 time steps from 0 .. 0.005
iteration :: CG 300, Newton 50, tolerance 1e-06
================================================================================
rank 1 / 16 : (0, 1) neigh N:S 5:-2 neigh E:W 2:0 local dims 32 x 32 local domain [0, 31] x [32, 63]
rank 2 / 16 : (0, 2) neigh N:S 6:-2 neigh E:W 3:1 local dims 32 x 32 local domain [0, 31] x [64, 95]
rank 3 / 16 : (0, 3) neigh N:S 7:-2 neigh E:W -2:2 local dims 32 x 32 local domain [0, 31] x [96, 127]
rank 4 / 16 : (1, 0) neigh N:S 8:0 neigh E:W 5:-2 local dims 32 x 32 local domain [32, 63] x [0, 31]
rank 5 / 16 : (1, 1) neigh N:S 9:1 neigh E:W 6:4 local dims 32 x 32 local domain [32, 63] x [32, 63]
rank 6 / 16 : (1, 2) neigh N:S 10:2 neigh E:W 7:5 local dims 32 x 32 local domain [32, 63] x [64, 95]
rank 7 / 16 : (1, 3) neigh N:S 11:3 neigh E:W -2:6 local dims 32 x 32 local domain [32, 63] x [96, 127]
rank 8 / 16 : (2, 0) neigh N:S 12:4 neigh E:W 9:-2 local dims 32 x 32 local domain [64, 95] x [0, 31]
rank 9 / 16 : (2, 1) neigh N:S 13:5 neigh E:W 10:8 local dims 32 x 32 local domain [64, 95] x [32, 63]
rank 10 / 16 : (2, 2) neigh N:S 14:6 neigh E:W 11:9 local dims 32 x 32 local domain [64, 95] x [64, 95]
rank 11 / 16 : (2, 3) neigh N:S 15:7 neigh E:W -2:10 local dims 32 x 32 local domain [64, 95] x [96, 127]
rank 12 / 16 : (3, 0) neigh N:S -2:8 neigh E:W 13:-2 local dims 32 x 32 local domain [96, 127] x [0, 31]
rank 13 / 16 : (3, 1) neigh N:S -2:9 neigh E:W 14:12 local dims 32 x 32 local domain [96, 127] x [32, 63]
--------------------------------------------------------------------------------
simulation took 0.089853 seconds
2747 conjugate gradient iterations, at rate of 30572.1 iters/second
2419 newton iterations
--------------------------------------------------------------------------------
### 16, 128, 1000, 2747, 2419, 0.089853 ###
Goodbye!
rank 13 / 16 : (3, 1) neigh N:S -2:9 neigh E:W 14:12 local dims 32 x 32 local domain [96, 127] x [32, 63]
rank 14 / 16 : (3, 2) neigh N:S -2:10 neigh E:W 15:13 local dims 32 x 32 local domain [96, 127] x [64, 95]
rank 15 / 16 : (3, 3) neigh N:S -2:11 neigh E:W -2:14 local dims 32 x 32 local domain [96, 127] x [96, 127]
rank 0 / 16 : (0, 0) neigh N:S 4:-2 neigh E:W 1:-2 local dims 32 x 32 local domain [0, 31] x [0, 31]
================================================================================
                      Welcome to mini-stencil!
version   :: C++ MPI
processes :: 16
mesh      :: 128 * 128 dx = 0.00787402
time      :: 1000 time steps from 0 .. 0.005
iteration :: CG 300, Newton 50, tolerance 1e-06
================================================================================
rank 1 / 16 : (0, 1) neigh N:S 5:-2 neigh E:W 2:0 local dims 32 x 32 local domain [0, 31] x [32, 63]
rank 2 / 16 : (0, 2) neigh N:S 6:-2 neigh E:W 3:1 local dims 32 x 32 local domain [0, 31] x [64, 95]
rank 3 / 16 : (0, 3) neigh N:S 7:-2 neigh E:W -2:2 local dims 32 x 32 local domain [0, 31] x [96, 127]
rank 4 / 16 : (1, 0) neigh N:S 8:0 neigh E:W 5:-2 local dims 32 x 32 local domain [32, 63] x [0, 31]
rank 5 / 16 : (1, 1) neigh N:S 9:1 neigh E:W 6:4 local dims 32 x 32 local domain [32, 63] x [32, 63]
rank 6 / 16 : (1, 2) neigh N:S 10:2 neigh E:W 7:5 local dims 32 x 32 local domain [32, 63] x [64, 95]
rank 7 / 16 : (1, 3) neigh N:S 11:3 neigh E:W -2:6 local dims 32 x 32 local domain [32, 63] x [96, 127]
rank 8 / 16 : (2, 0) neigh N:S 12:4 neigh E:W 9:-2 local dims 32 x 32 local domain [64, 95] x [0, 31]
rank 9 / 16 : (2, 1) neigh N:S 13:5 neigh E:W 10:8 local dims 32 x 32 local domain [64, 95] x [32, 63]
rank 10 / 16 : (2, 2) neigh N:S 14:6 neigh E:W 11:9 local dims 32 x 32 local domain [64, 95] x [64, 95]
rank 11 / 16 : (2, 3) neigh N:S 15:7 neigh E:W -2:10 local dims 32 x 32 local domain [64, 95] x [96, 127]
rank 12 / 16 : (3, 0) neigh N:S -2:8 neigh E:W 13:-2 local dims 32 x 32 local domain [96, 127] x [0, 31]
--------------------------------------------------------------------------------
simulation took 0.0954771 seconds
2747 conjugate gradient iterations, at rate of 28771.3 iters/second
2419 newton iterations
--------------------------------------------------------------------------------
### 16, 128, 1000, 2747, 2419, 0.0954771 ###
Goodbye!
rank 3 / 16 : (0, 3) neigh N:S 7:-2 neigh E:W -2:2 local dims 32 x 32 local domain [0, 31] x [96, 127]
rank 4 / 16 : (1, 0) neigh N:S 8:0 neigh E:W 5:-2 local dims 32 x 32 local domain [32, 63] x [0, 31]
rank 5 / 16 : (1, 1) neigh N:S 9:1 neigh E:W 6:4 local dims 32 x 32 local domain [32, 63] x [32, 63]
rank 6 / 16 : (1, 2) neigh N:S 10:2 neigh E:W 7:5 local dims 32 x 32 local domain [32, 63] x [64, 95]
rank 7 / 16 : (1, 3) neigh N:S 11:3 neigh E:W -2:6 local dims 32 x 32 local domain [32, 63] x [96, 127]
rank 8 / 16 : (2, 0) neigh N:S 12:4 neigh E:W 9:-2 local dims 32 x 32 local domain [64, 95] x [0, 31]
rank 9 / 16 : (2, 1) neigh N:S 13:5 neigh E:W 10:8 local dims 32 x 32 local domain [64, 95] x [32, 63]
rank 10 / 16 : (2, 2) neigh N:S 14:6 neigh E:W 11:9 local dims 32 x 32 local domain [64, 95] x [64, 95]
rank 11 / 16 : (2, 3) neigh N:S 15:7 neigh E:W -2:10 local dims 32 x 32 local domain [64, 95] x [96, 127]
rank 12 / 16 : (3, 0) neigh N:S -2:8 neigh E:W 13:-2 local dims 32 x 32 local domain [96, 127] x [0, 31]
rank 13 / 16 : (3, 1) neigh N:S -2:9 neigh E:W 14:12 local dims 32 x 32 local domain [96, 127] x [32, 63]
rank 14 / 16 : (3, 2) neigh N:S -2:10 neigh E:W 15:13 local dims 32 x 32 local domain [96, 127] x [64, 95]
rank 15 / 16 : (3, 3) neigh N:S -2:11 neigh E:W -2:14 local dims 32 x 32 local domain [96, 127] x [96, 127]
rank 0 / 16 : (0, 0) neigh N:S 4:-2 neigh E:W 1:-2 local dims 32 x 32 local domain [0, 31] x [0, 31]
================================================================================
                      Welcome to mini-stencil!
version   :: C++ MPI
processes :: 16
mesh      :: 128 * 128 dx = 0.00787402
time      :: 1000 time steps from 0 .. 0.005
iteration :: CG 300, Newton 50, tolerance 1e-06
================================================================================
rank 1 / 16 : (0, 1) neigh N:S 5:-2 neigh E:W 2:0 local dims 32 x 32 local domain [0, 31] x [32, 63]
rank 2 / 16 : (0, 2) neigh N:S 6:-2 neigh E:W 3:1 local dims 32 x 32 local domain [0, 31] x [64, 95]
--------------------------------------------------------------------------------
simulation took 0.0936653 seconds
2747 conjugate gradient iterations, at rate of 29327.8 iters/second
2419 newton iterations
--------------------------------------------------------------------------------
### 16, 128, 1000, 2747, 2419, 0.0936653 ###
Goodbye!
rank 0 / 16 : (0, 0) neigh N:S 4:-2 neigh E:W 1:-2 local dims 32 x 32 local domain [0, 31] x [0, 31]
rank 1 / 16 : (0, 1) neigh N:S 5:-2 neigh E:W 2:0 local dims 32 x 32 local domain [0, 31] x [32, 63]
rank 2 / 16 : (0, 2) neigh N:S 6:-2 neigh E:W 3:1 local dims 32 x 32 local domain [0, 31] x [64, 95]
rank 3 / 16 : (0, 3) neigh N:S 7:-2 neigh E:W -2:2 local dims 32 x 32 local domain [0, 31] x [96, 127]
rank 4 / 16 : (1, 0) neigh N:S 8:0 neigh E:W 5:-2 local dims 32 x 32 local domain [32, 63] x [0, 31]
rank 5 / 16 : (1, 1) neigh N:S 9:1 neigh E:W 6:4 local dims 32 x 32 local domain [32, 63] x [32, 63]
rank 6 / 16 : (1, 2) neigh N:S 10:2 neigh E:W 7:5 local dims 32 x 32 local domain [32, 63] x [64, 95]
rank 7 / 16 : (1, 3) neigh N:S 11:3 neigh E:W -2:6 local dims 32 x 32 local domain [32, 63] x [96, 127]
rank 8 / 16 : (2, 0) neigh N:S 12:4 neigh E:W 9:-2 local dims 32 x 32 local domain [64, 95] x [0, 31]
rank 9 / 16 : (2, 1) neigh N:S 13:5 neigh E:W 10:8 local dims 32 x 32 local domain [64, 95] x [32, 63]
rank 10 / 16 : (2, 2) neigh N:S 14:6 neigh E:W 11:9 local dims 32 x 32 local domain [64, 95] x [64, 95]
rank 11 / 16 : (2, 3) neigh N:S 15:7 neigh E:W -2:10 local dims 32 x 32 local domain [64, 95] x [96, 127]
rank 12 / 16 : (3, 0) neigh N:S -2:8 neigh E:W 13:-2 local dims 32 x 32 local domain [96, 127] x [0, 31]
rank 13 / 16 : (3, 1) neigh N:S -2:9 neigh E:W 14:12 local dims 32 x 32 local domain [96, 127] x [32, 63]
rank 14 / 16 : (3, 2) neigh N:S -2:10 neigh E:W 15:13 local dims 32 x 32 local domain [96, 127] x [64, 95]
rank 15 / 16 : (3, 3) neigh N:S -2:11 neigh E:W -2:14 local dims 32 x 32 local domain [96, 127] x [96, 127]
================================================================================
                      Welcome to mini-stencil!
version   :: C++ MPI
processes :: 16
mesh      :: 128 * 128 dx = 0.00787402
time      :: 1000 time steps from 0 .. 0.005
iteration :: CG 300, Newton 50, tolerance 1e-06
================================================================================
--------------------------------------------------------------------------------
simulation took 0.225596 seconds
2747 conjugate gradient iterations, at rate of 12176.6 iters/second
2419 newton iterations
--------------------------------------------------------------------------------
### 16, 128, 1000, 2747, 2419, 0.225596 ###
Goodbye!
rank 7 / 16 : (1, 3) neigh N:S 11:3 neigh E:W -2:6 local dims 32 x 32 local domain [32, 63] x [96, 127]
rank 8 / 16 : (2, 0) neigh N:S 12:4 neigh E:W 9:-2 local dims 32 x 32 local domain [64, 95] x [0, 31]
rank 9 / 16 : (2, 1) neigh N:S 13:5 neigh E:W 10:8 local dims 32 x 32 local domain [64, 95] x [32, 63]
rank 10 / 16 : (2, 2) neigh N:S 14:6 neigh E:W 11:9 local dims 32 x 32 local domain [64, 95] x [64, 95]
rank 11 / 16 : (2, 3) neigh N:S 15:7 neigh E:W -2:10 local dims 32 x 32 local domain [64, 95] x [96, 127]
rank 12 / 16 : (3, 0) neigh N:S -2:8 neigh E:W 13:-2 local dims 32 x 32 local domain [96, 127] x [0, 31]
rank 13 / 16 : (3, 1) neigh N:S -2:9 neigh E:W 14:12 local dims 32 x 32 local domain [96, 127] x [32, 63]
rank 14 / 16 : (3, 2) neigh N:S -2:10 neigh E:W 15:13 local dims 32 x 32 local domain [96, 127] x [64, 95]
rank 15 / 16 : (3, 3) neigh N:S -2:11 neigh E:W -2:14 local dims 32 x 32 local domain [96, 127] x [96, 127]
rank 0 / 16 : (0, 0) neigh N:S 4:-2 neigh E:W 1:-2 local dims 32 x 32 local domain [0, 31] x [0, 31]
================================================================================
                      Welcome to mini-stencil!
version   :: C++ MPI
processes :: 16
mesh      :: 128 * 128 dx = 0.00787402
time      :: 1000 time steps from 0 .. 0.005
iteration :: CG 300, Newton 50, tolerance 1e-06
================================================================================
rank 1 / 16 : (0, 1) neigh N:S 5:-2 neigh E:W 2:0 local dims 32 x 32 local domain [0, 31] x [32, 63]
rank 2 / 16 : (0, 2) neigh N:S 6:-2 neigh E:W 3:1 local dims 32 x 32 local domain [0, 31] x [64, 95]
rank 3 / 16 : (0, 3) neigh N:S 7:-2 neigh E:W -2:2 local dims 32 x 32 local domain [0, 31] x [96, 127]
rank 4 / 16 : (1, 0) neigh N:S 8:0 neigh E:W 5:-2 local dims 32 x 32 local domain [32, 63] x [0, 31]
rank 5 / 16 : (1, 1) neigh N:S 9:1 neigh E:W 6:4 local dims 32 x 32 local domain [32, 63] x [32, 63]
rank 6 / 16 : (1, 2) neigh N:S 10:2 neigh E:W 7:5 local dims 32 x 32 local domain [32, 63] x [64, 95]
--------------------------------------------------------------------------------
simulation took 0.0947047 seconds
2747 conjugate gradient iterations, at rate of 29006 iters/second
2419 newton iterations
--------------------------------------------------------------------------------
### 16, 128, 1000, 2747, 2419, 0.0947047 ###
Goodbye!
rank 4 / 16 : (1, 0) neigh N:S 8:0 neigh E:W 5:-2 local dims 32 x 32 local domain [32, 63] x [0, 31]
rank 5 / 16 : (1, 1) neigh N:S 9:1 neigh E:W 6:4 local dims 32 x 32 local domain [32, 63] x [32, 63]
rank 6 / 16 : (1, 2) neigh N:S 10:2 neigh E:W 7:5 local dims 32 x 32 local domain [32, 63] x [64, 95]
rank 7 / 16 : (1, 3) neigh N:S 11:3 neigh E:W -2:6 local dims 32 x 32 local domain [32, 63] x [96, 127]
rank 8 / 16 : (2, 0) neigh N:S 12:4 neigh E:W 9:-2 local dims 32 x 32 local domain [64, 95] x [0, 31]
rank 9 / 16 : (2, 1) neigh N:S 13:5 neigh E:W 10:8 local dims 32 x 32 local domain [64, 95] x [32, 63]
rank 10 / 16 : (2, 2) neigh N:S 14:6 neigh E:W 11:9 local dims 32 x 32 local domain [64, 95] x [64, 95]
rank 11 / 16 : (2, 3) neigh N:S 15:7 neigh E:W -2:10 local dims 32 x 32 local domain [64, 95] x [96, 127]
rank 12 / 16 : (3, 0) neigh N:S -2:8 neigh E:W 13:-2 local dims 32 x 32 local domain [96, 127] x [0, 31]
rank 13 / 16 : (3, 1) neigh N:S -2:9 neigh E:W 14:12 local dims 32 x 32 local domain [96, 127] x [32, 63]
rank 14 / 16 : (3, 2) neigh N:S -2:10 neigh E:W 15:13 local dims 32 x 32 local domain [96, 127] x [64, 95]
rank 15 / 16 : (3, 3) neigh N:S -2:11 neigh E:W -2:14 local dims 32 x 32 local domain [96, 127] x [96, 127]
rank 0 / 16 : (0, 0) neigh N:S 4:-2 neigh E:W 1:-2 local dims 32 x 32 local domain [0, 31] x [0, 31]
================================================================================
                      Welcome to mini-stencil!
version   :: C++ MPI
processes :: 16
mesh      :: 128 * 128 dx = 0.00787402
time      :: 1000 time steps from 0 .. 0.005
iteration :: CG 300, Newton 50, tolerance 1e-06
================================================================================
rank 1 / 16 : (0, 1) neigh N:S 5:-2 neigh E:W 2:0 local dims 32 x 32 local domain [0, 31] x [32, 63]
rank 2 / 16 : (0, 2) neigh N:S 6:-2 neigh E:W 3:1 local dims 32 x 32 local domain [0, 31] x [64, 95]
rank 3 / 16 : (0, 3) neigh N:S 7:-2 neigh E:W -2:2 local dims 32 x 32 local domain [0, 31] x [96, 127]
--------------------------------------------------------------------------------
simulation took 0.107073 seconds
2747 conjugate gradient iterations, at rate of 25655.4 iters/second
2419 newton iterations
--------------------------------------------------------------------------------
### 16, 128, 1000, 2747, 2419, 0.107073 ###
Goodbye!
Warmup finished.
Running mini-app with 1 processes on 64 x 64 grid...
Running mini-app with 1 processes on 64 x 64 grid...
Running mini-app with 1 processes on 64 x 64 grid...
Running mini-app with 1 processes on 64 x 64 grid...
Running mini-app with 1 processes on 64 x 64 grid...
Running mini-app with 4 processes on 128 x 128 grid...
rank 1 / 4 : (1, 0) neigh N:S 2:0 neigh E:W -2:-2 local dims 32 x 128 local domain [32, 63] x [0, 127]
rank 2 / 4 : (2, 0) neigh N:S 3:1 neigh E:W -2:-2 local dims 32 x 128 local domain [64, 95] x [0, 127]
rank 3 / 4 : (3, 0) neigh N:S -2:2 neigh E:W -2:-2 local dims 32 x 128 local domain [96, 127] x [0, 127]
rank 0 / 4 : (0, 0) neigh N:S 1:-2 neigh E:W -2:-2 local dims 32 x 128 local domain [0, 31] x [0, 127]
================================================================================
                      Welcome to mini-stencil!
version   :: C++ MPI
processes :: 4
mesh      :: 128 * 128 dx = 0.00787402
time      :: 1000 time steps from 0 .. 0.005
iteration :: CG 300, Newton 50, tolerance 1e-06
================================================================================
--------------------------------------------------------------------------------
simulation took 0.110268 seconds
1496 conjugate gradient iterations, at rate of 13566.9 iters/second
2014 newton iterations
--------------------------------------------------------------------------------
### 4, 128, 1000, 1496, 2014, 0.110268 ###
Goodbye!
Running mini-app with 4 processes on 128 x 128 grid...
rank 1 / 4 : (1, 0) neigh N:S 2:0 neigh E:W -2:-2 local dims 32 x 128 local domain [32, 63] x [0, 127]
rank 2 / 4 : (2, 0) neigh N:S 3:1 neigh E:W -2:-2 local dims 32 x 128 local domain [64, 95] x [0, 127]
rank 3 / 4 : (3, 0) neigh N:S -2:2 neigh E:W -2:-2 local dims 32 x 128 local domain [96, 127] x [0, 127]
rank 0 / 4 : (0, 0) neigh N:S 1:-2 neigh E:W -2:-2 local dims 32 x 128 local domain [0, 31] x [0, 127]
================================================================================
                      Welcome to mini-stencil!
version   :: C++ MPI
processes :: 4
mesh      :: 128 * 128 dx = 0.00787402
time      :: 1000 time steps from 0 .. 0.005
iteration :: CG 300, Newton 50, tolerance 1e-06
================================================================================
--------------------------------------------------------------------------------
simulation took 0.1182 seconds
1496 conjugate gradient iterations, at rate of 12656.5 iters/second
2014 newton iterations
--------------------------------------------------------------------------------
### 4, 128, 1000, 1496, 2014, 0.1182 ###
Goodbye!
Running mini-app with 4 processes on 128 x 128 grid...
rank 1 / 4 : (1, 0) neigh N:S 2:0 neigh E:W -2:-2 local dims 32 x 128 local domain [32, 63] x [0, 127]
rank 2 / 4 : (2, 0) neigh N:S 3:1 neigh E:W -2:-2 local dims 32 x 128 local domain [64, 95] x [0, 127]
rank 3 / 4 : (3, 0) neigh N:S -2:2 neigh E:W -2:-2 local dims 32 x 128 local domain [96, 127] x [0, 127]
rank 0 / 4 : (0, 0) neigh N:S 1:-2 neigh E:W -2:-2 local dims 32 x 128 local domain [0, 31] x [0, 127]
================================================================================
                      Welcome to mini-stencil!
version   :: C++ MPI
processes :: 4
mesh      :: 128 * 128 dx = 0.00787402
time      :: 1000 time steps from 0 .. 0.005
iteration :: CG 300, Newton 50, tolerance 1e-06
================================================================================
--------------------------------------------------------------------------------
simulation took 0.0969795 seconds
1496 conjugate gradient iterations, at rate of 15425.9 iters/second
2014 newton iterations
--------------------------------------------------------------------------------
### 4, 128, 1000, 1496, 2014, 0.0969795 ###
Goodbye!
Running mini-app with 4 processes on 128 x 128 grid...
rank 0 / 4 : (0, 0) neigh N:S 1:-2 neigh E:W -2:-2 local dims 32 x 128 local domain [0, 31] x [0, 127]
================================================================================
                      Welcome to mini-stencil!
version   :: C++ MPI
processes :: 4
mesh      :: 128 * 128 dx = 0.00787402
time      :: 1000 time steps from 0 .. 0.005
iteration :: CG 300, Newton 50, tolerance 1e-06
================================================================================
rank 1 / 4 : (1, 0) neigh N:S 2:0 neigh E:W -2:-2 local dims 32 x 128 local domain [32, 63] x [0, 127]
rank 2 / 4 : (2, 0) neigh N:S 3:1 neigh E:W -2:-2 local dims 32 x 128 local domain [64, 95] x [0, 127]
rank 3 / 4 : (3, 0) neigh N:S -2:2 neigh E:W -2:-2 local dims 32 x 128 local domain [96, 127] x [0, 127]
--------------------------------------------------------------------------------
simulation took 0.109946 seconds
1496 conjugate gradient iterations, at rate of 13606.7 iters/second
2014 newton iterations
--------------------------------------------------------------------------------
### 4, 128, 1000, 1496, 2014, 0.109946 ###
Goodbye!
Running mini-app with 4 processes on 128 x 128 grid...
rank 0 / 4 : (0, 0) neigh N:S 1:-2 neigh E:W -2:-2 local dims 32 x 128 local domain [0, 31] x [0, 127]
rank 1 / 4 : (1, 0) neigh N:S 2:0 neigh E:W -2:-2 local dims 32 x 128 local domain [32, 63] x [0, 127]
rank 2 / 4 : (2, 0) neigh N:S 3:1 neigh E:W -2:-2 local dims 32 x 128 local domain [64, 95] x [0, 127]
rank 3 / 4 : (3, 0) neigh N:S -2:2 neigh E:W -2:-2 local dims 32 x 128 local domain [96, 127] x [0, 127]
================================================================================
                      Welcome to mini-stencil!
version   :: C++ MPI
processes :: 4
mesh      :: 128 * 128 dx = 0.00787402
time      :: 1000 time steps from 0 .. 0.005
iteration :: CG 300, Newton 50, tolerance 1e-06
================================================================================
--------------------------------------------------------------------------------
simulation took 0.101767 seconds
1496 conjugate gradient iterations, at rate of 14700.3 iters/second
2014 newton iterations
--------------------------------------------------------------------------------
### 4, 128, 1000, 1496, 2014, 0.101767 ###
Goodbye!
Running mini-app with 16 processes on 256 x 256 grid...
rank 0 / 16 : (0, 0) neigh N:S 4:-2 neigh E:W 1:-2 local dims 64 x 64 local domain [0, 63] x [0, 63]
rank 1 / 16 : (0, 1) neigh N:S 5:-2 neigh E:W 2:0 local dims 64 x 64 local domain [0, 63] x [64, 127]
rank 2 / 16 : (0, 2) neigh N:S 6:-2 neigh E:W 3:1 local dims 64 x 64 local domain [0, 63] x [128, 191]
rank 3 / 16 : (0, 3) neigh N:S 7:-2 neigh E:W -2:2 local dims 64 x 64 local domain [0, 63] x [192, 255]
rank 4 / 16 : (1, 0) neigh N:S 8:0 neigh E:W 5:-2 local dims 64 x 64 local domain [64, 127] x [0, 63]
rank 5 / 16 : (1, 1) neigh N:S 9:1 neigh E:W 6:4 local dims 64 x 64 local domain [64, 127] x [64, 127]
rank 6 / 16 : (1, 2) neigh N:S 10:2 neigh E:W 7:5 local dims 64 x 64 local domain [64, 127] x [128, 191]
rank 7 / 16 : (1, 3) neigh N:S 11:3 neigh E:W -2:6 local dims 64 x 64 local domain [64, 127] x [192, 255]
rank 8 / 16 : (2, 0) neigh N:S 12:4 neigh E:W 9:-2 local dims 64 x 64 local domain [128, 191] x [0, 63]
rank 9 / 16 : (2, 1) neigh N:S 13:5 neigh E:W 10:8 local dims 64 x 64 local domain [128, 191] x [64, 127]
rank 10 / 16 : (2, 2) neigh N:S 14:6 neigh E:W 11:9 local dims 64 x 64 local domain [128, 191] x [128, 191]
rank 11 / 16 : (2, 3) neigh N:S 15:7 neigh E:W -2:10 local dims 64 x 64 local domain [128, 191] x [192, 255]
rank 12 / 16 : (3, 0) neigh N:S -2:8 neigh E:W 13:-2 local dims 64 x 64 local domain [192, 255] x [0, 63]
rank 13 / 16 : (3, 1) neigh N:S -2:9 neigh E:W 14:12 local dims 64 x 64 local domain [192, 255] x [64, 127]
rank 14 / 16 : (3, 2) neigh N:S -2:10 neigh E:W 15:13 local dims 64 x 64 local domain [192, 255] x [128, 191]
rank 15 / 16 : (3, 3) neigh N:S -2:11 neigh E:W -2:14 local dims 64 x 64 local domain [192, 255] x [192, 255]
================================================================================
                      Welcome to mini-stencil!
version   :: C++ MPI
processes :: 16
mesh      :: 256 * 256 dx = 0.00392157
time      :: 1000 time steps from 0 .. 0.005
iteration :: CG 300, Newton 50, tolerance 1e-06
================================================================================
--------------------------------------------------------------------------------
simulation took 0.145416 seconds
2307 conjugate gradient iterations, at rate of 15864.8 iters/second
2063 newton iterations
--------------------------------------------------------------------------------
### 16, 256, 1000, 2307, 2063, 0.145416 ###
Goodbye!
Running mini-app with 16 processes on 256 x 256 grid...
rank 0 / 16 : (0, 0) neigh N:S 4:-2 neigh E:W 1:-2 local dims 64 x 64 local domain [0, 63] x [0, 63]
rank 1 / 16 : (0, 1) neigh N:S 5:-2 neigh E:W 2:0 local dims 64 x 64 local domain [0, 63] x [64, 127]
rank 2 / 16 : (0, 2) neigh N:S 6:-2 neigh E:W 3:1 local dims 64 x 64 local domain [0, 63] x [128, 191]
rank 3 / 16 : (0, 3) neigh N:S 7:-2 neigh E:W -2:2 local dims 64 x 64 local domain [0, 63] x [192, 255]
rank 4 / 16 : (1, 0) neigh N:S 8:0 neigh E:W 5:-2 local dims 64 x 64 local domain [64, 127] x [0, 63]
rank 5 / 16 : (1, 1) neigh N:S 9:1 neigh E:W 6:4 local dims 64 x 64 local domain [64, 127] x [64, 127]
rank 6 / 16 : (1, 2) neigh N:S 10:2 neigh E:W 7:5 local dims 64 x 64 local domain [64, 127] x [128, 191]
rank 7 / 16 : (1, 3) neigh N:S 11:3 neigh E:W -2:6 local dims 64 x 64 local domain [64, 127] x [192, 255]
rank 8 / 16 : (2, 0) neigh N:S 12:4 neigh E:W 9:-2 local dims 64 x 64 local domain [128, 191] x [0, 63]
rank 9 / 16 : (2, 1) neigh N:S 13:5 neigh E:W 10:8 local dims 64 x 64 local domain [128, 191] x [64, 127]
rank 10 / 16 : (2, 2) neigh N:S 14:6 neigh E:W 11:9 local dims 64 x 64 local domain [128, 191] x [128, 191]
rank 11 / 16 : (2, 3) neigh N:S 15:7 neigh E:W -2:10 local dims 64 x 64 local domain [128, 191] x [192, 255]
rank 12 / 16 : (3, 0) neigh N:S -2:8 neigh E:W 13:-2 local dims 64 x 64 local domain [192, 255] x [0, 63]
rank 13 / 16 : (3, 1) neigh N:S -2:9 neigh E:W 14:12 local dims 64 x 64 local domain [192, 255] x [64, 127]
rank 14 / 16 : (3, 2) neigh N:S -2:10 neigh E:W 15:13 local dims 64 x 64 local domain [192, 255] x [128, 191]
rank 15 / 16 : (3, 3) neigh N:S -2:11 neigh E:W -2:14 local dims 64 x 64 local domain [192, 255] x [192, 255]
================================================================================
                      Welcome to mini-stencil!
version   :: C++ MPI
processes :: 16
mesh      :: 256 * 256 dx = 0.00392157
time      :: 1000 time steps from 0 .. 0.005
iteration :: CG 300, Newton 50, tolerance 1e-06
================================================================================
--------------------------------------------------------------------------------
simulation took 0.146879 seconds
2307 conjugate gradient iterations, at rate of 15706.9 iters/second
2063 newton iterations
--------------------------------------------------------------------------------
### 16, 256, 1000, 2307, 2063, 0.146879 ###
Goodbye!
Running mini-app with 16 processes on 256 x 256 grid...
rank 7 / 16 : (1, 3) neigh N:S 11:3 neigh E:W -2:6 local dims 64 x 64 local domain [64, 127] x [192, 255]
rank 8 / 16 : (2, 0) neigh N:S 12:4 neigh E:W 9:-2 local dims 64 x 64 local domain [128, 191] x [0, 63]
rank 9 / 16 : (2, 1) neigh N:S 13:5 neigh E:W 10:8 local dims 64 x 64 local domain [128, 191] x [64, 127]
rank 10 / 16 : (2, 2) neigh N:S 14:6 neigh E:W 11:9 local dims 64 x 64 local domain [128, 191] x [128, 191]
rank 11 / 16 : (2, 3) neigh N:S 15:7 neigh E:W -2:10 local dims 64 x 64 local domain [128, 191] x [192, 255]
rank 12 / 16 : (3, 0) neigh N:S -2:8 neigh E:W 13:-2 local dims 64 x 64 local domain [192, 255] x [0, 63]
rank 13 / 16 : (3, 1) neigh N:S -2:9 neigh E:W 14:12 local dims 64 x 64 local domain [192, 255] x [64, 127]
rank 14 / 16 : (3, 2) neigh N:S -2:10 neigh E:W 15:13 local dims 64 x 64 local domain [192, 255] x [128, 191]
rank 15 / 16 : (3, 3) neigh N:S -2:11 neigh E:W -2:14 local dims 64 x 64 local domain [192, 255] x [192, 255]
rank 0 / 16 : (0, 0) neigh N:S 4:-2 neigh E:W 1:-2 local dims 64 x 64 local domain [0, 63] x [0, 63]
================================================================================
                      Welcome to mini-stencil!
version   :: C++ MPI
processes :: 16
mesh      :: 256 * 256 dx = 0.00392157
time      :: 1000 time steps from 0 .. 0.005
iteration :: CG 300, Newton 50, tolerance 1e-06
================================================================================
rank 1 / 16 : (0, 1) neigh N:S 5:-2 neigh E:W 2:0 local dims 64 x 64 local domain [0, 63] x [64, 127]
rank 2 / 16 : (0, 2) neigh N:S 6:-2 neigh E:W 3:1 local dims 64 x 64 local domain [0, 63] x [128, 191]
rank 3 / 16 : (0, 3) neigh N:S 7:-2 neigh E:W -2:2 local dims 64 x 64 local domain [0, 63] x [192, 255]
rank 4 / 16 : (1, 0) neigh N:S 8:0 neigh E:W 5:-2 local dims 64 x 64 local domain [64, 127] x [0, 63]
rank 5 / 16 : (1, 1) neigh N:S 9:1 neigh E:W 6:4 local dims 64 x 64 local domain [64, 127] x [64, 127]
rank 6 / 16 : (1, 2) neigh N:S 10:2 neigh E:W 7:5 local dims 64 x 64 local domain [64, 127] x [128, 191]
--------------------------------------------------------------------------------
simulation took 0.15106 seconds
2307 conjugate gradient iterations, at rate of 15272.1 iters/second
2063 newton iterations
--------------------------------------------------------------------------------
### 16, 256, 1000, 2307, 2063, 0.15106 ###
Goodbye!
Running mini-app with 16 processes on 256 x 256 grid...
rank 1 / 16 : (0, 1) neigh N:S 5:-2 neigh E:W 2:0 local dims 64 x 64 local domain [0, 63] x [64, 127]
rank 2 / 16 : (0, 2) neigh N:S 6:-2 neigh E:W 3:1 local dims 64 x 64 local domain [0, 63] x [128, 191]
rank 3 / 16 : (0, 3) neigh N:S 7:-2 neigh E:W -2:2 local dims 64 x 64 local domain [0, 63] x [192, 255]
rank 4 / 16 : (1, 0) neigh N:S 8:0 neigh E:W 5:-2 local dims 64 x 64 local domain [64, 127] x [0, 63]
rank 5 / 16 : (1, 1) neigh N:S 9:1 neigh E:W 6:4 local dims 64 x 64 local domain [64, 127] x [64, 127]
rank 6 / 16 : (1, 2) neigh N:S 10:2 neigh E:W 7:5 local dims 64 x 64 local domain [64, 127] x [128, 191]
rank 7 / 16 : (1, 3) neigh N:S 11:3 neigh E:W -2:6 local dims 64 x 64 local domain [64, 127] x [192, 255]
rank 8 / 16 : (2, 0) neigh N:S 12:4 neigh E:W 9:-2 local dims 64 x 64 local domain [128, 191] x [0, 63]
rank 9 / 16 : (2, 1) neigh N:S 13:5 neigh E:W 10:8 local dims 64 x 64 local domain [128, 191] x [64, 127]
rank 10 / 16 : (2, 2) neigh N:S 14:6 neigh E:W 11:9 local dims 64 x 64 local domain [128, 191] x [128, 191]
rank 11 / 16 : (2, 3) neigh N:S 15:7 neigh E:W -2:10 local dims 64 x 64 local domain [128, 191] x [192, 255]
rank 12 / 16 : (3, 0) neigh N:S -2:8 neigh E:W 13:-2 local dims 64 x 64 local domain [192, 255] x [0, 63]
rank 13 / 16 : (3, 1) neigh N:S -2:9 neigh E:W 14:12 local dims 64 x 64 local domain [192, 255] x [64, 127]
rank 14 / 16 : (3, 2) neigh N:S -2:10 neigh E:W 15:13 local dims 64 x 64 local domain [192, 255] x [128, 191]
rank 15 / 16 : (3, 3) neigh N:S -2:11 neigh E:W -2:14 local dims 64 x 64 local domain [192, 255] x [192, 255]
rank 0 / 16 : (0, 0) neigh N:S 4:-2 neigh E:W 1:-2 local dims 64 x 64 local domain [0, 63] x [0, 63]
================================================================================
                      Welcome to mini-stencil!
version   :: C++ MPI
processes :: 16
mesh      :: 256 * 256 dx = 0.00392157
time      :: 1000 time steps from 0 .. 0.005
iteration :: CG 300, Newton 50, tolerance 1e-06
================================================================================
--------------------------------------------------------------------------------
simulation took 0.183661 seconds
2307 conjugate gradient iterations, at rate of 12561.2 iters/second
2063 newton iterations
--------------------------------------------------------------------------------
### 16, 256, 1000, 2307, 2063, 0.183661 ###
Goodbye!
Running mini-app with 16 processes on 256 x 256 grid...
rank 6 / 16 : (1, 2) neigh N:S 10:2 neigh E:W 7:5 local dims 64 x 64 local domain [64, 127] x [128, 191]
rank 7 / 16 : (1, 3) neigh N:S 11:3 neigh E:W -2:6 local dims 64 x 64 local domain [64, 127] x [192, 255]
rank 8 / 16 : (2, 0) neigh N:S 12:4 neigh E:W 9:-2 local dims 64 x 64 local domain [128, 191] x [0, 63]
rank 9 / 16 : (2, 1) neigh N:S 13:5 neigh E:W 10:8 local dims 64 x 64 local domain [128, 191] x [64, 127]
rank 10 / 16 : (2, 2) neigh N:S 14:6 neigh E:W 11:9 local dims 64 x 64 local domain [128, 191] x [128, 191]
rank 11 / 16 : (2, 3) neigh N:S 15:7 neigh E:W -2:10 local dims 64 x 64 local domain [128, 191] x [192, 255]
rank 12 / 16 : (3, 0) neigh N:S -2:8 neigh E:W 13:-2 local dims 64 x 64 local domain [192, 255] x [0, 63]
rank 13 / 16 : (3, 1) neigh N:S -2:9 neigh E:W 14:12 local dims 64 x 64 local domain [192, 255] x [64, 127]
rank 14 / 16 : (3, 2) neigh N:S -2:10 neigh E:W 15:13 local dims 64 x 64 local domain [192, 255] x [128, 191]
rank 15 / 16 : (3, 3) neigh N:S -2:11 neigh E:W -2:14 local dims 64 x 64 local domain [192, 255] x [192, 255]
rank 0 / 16 : (0, 0) neigh N:S 4:-2 neigh E:W 1:-2 local dims 64 x 64 local domain [0, 63] x [0, 63]
================================================================================
                      Welcome to mini-stencil!
version   :: C++ MPI
processes :: 16
mesh      :: 256 * 256 dx = 0.00392157
time      :: 1000 time steps from 0 .. 0.005
iteration :: CG 300, Newton 50, tolerance 1e-06
================================================================================
rank 1 / 16 : (0, 1) neigh N:S 5:-2 neigh E:W 2:0 local dims 64 x 64 local domain [0, 63] x [64, 127]
rank 2 / 16 : (0, 2) neigh N:S 6:-2 neigh E:W 3:1 local dims 64 x 64 local domain [0, 63] x [128, 191]
rank 3 / 16 : (0, 3) neigh N:S 7:-2 neigh E:W -2:2 local dims 64 x 64 local domain [0, 63] x [192, 255]
rank 4 / 16 : (1, 0) neigh N:S 8:0 neigh E:W 5:-2 local dims 64 x 64 local domain [64, 127] x [0, 63]
rank 5 / 16 : (1, 1) neigh N:S 9:1 neigh E:W 6:4 local dims 64 x 64 local domain [64, 127] x [64, 127]
--------------------------------------------------------------------------------
simulation took 0.159851 seconds
2307 conjugate gradient iterations, at rate of 14432.2 iters/second
2063 newton iterations
--------------------------------------------------------------------------------
### 16, 256, 1000, 2307, 2063, 0.159851 ###
Goodbye!
Running mini-app with 64 processes on 512 x 512 grid...
Running mini-app with 64 processes on 512 x 512 grid...
Running mini-app with 64 processes on 512 x 512 grid...
Running mini-app with 64 processes on 512 x 512 grid...
Running mini-app with 64 processes on 512 x 512 grid...
Running mini-app with 1 processes on 128 x 128 grid...
Running mini-app with 1 processes on 128 x 128 grid...
Running mini-app with 1 processes on 128 x 128 grid...
Running mini-app with 1 processes on 128 x 128 grid...
Running mini-app with 1 processes on 128 x 128 grid...
Running mini-app with 4 processes on 256 x 256 grid...
rank 0 / 4 : (0, 0) neigh N:S 1:-2 neigh E:W -2:-2 local dims 64 x 256 local domain [0, 63] x [0, 255]
================================================================================
                      Welcome to mini-stencil!
version   :: C++ MPI
processes :: 4
mesh      :: 256 * 256 dx = 0.00392157
time      :: 1000 time steps from 0 .. 0.005
iteration :: CG 300, Newton 50, tolerance 1e-06
================================================================================
rank 1 / 4 : (1, 0) neigh N:S 2:0 neigh E:W -2:-2 local dims 64 x 256 local domain [64, 127] x [0, 255]
rank 2 / 4 : (2, 0) neigh N:S 3:1 neigh E:W -2:-2 local dims 64 x 256 local domain [128, 191] x [0, 255]
rank 3 / 4 : (3, 0) neigh N:S -2:2 neigh E:W -2:-2 local dims 64 x 256 local domain [192, 255] x [0, 255]
--------------------------------------------------------------------------------
simulation took 0.596822 seconds
2085 conjugate gradient iterations, at rate of 3493.5 iters/second
2016 newton iterations
--------------------------------------------------------------------------------
### 4, 256, 1000, 2085, 2016, 0.596822 ###
Goodbye!
Running mini-app with 4 processes on 256 x 256 grid...
rank 0 / 4 : (0, 0) neigh N:S 1:-2 neigh E:W -2:-2 local dims 64 x 256 local domain [0, 63] x [0, 255]
================================================================================
                      Welcome to mini-stencil!
version   :: C++ MPI
processes :: 4
mesh      :: 256 * 256 dx = 0.00392157
time      :: 1000 time steps from 0 .. 0.005
iteration :: CG 300, Newton 50, tolerance 1e-06
================================================================================
rank 1 / 4 : (1, 0) neigh N:S 2:0 neigh E:W -2:-2 local dims 64 x 256 local domain [64, 127] x [0, 255]
rank 2 / 4 : (2, 0) neigh N:S 3:1 neigh E:W -2:-2 local dims 64 x 256 local domain [128, 191] x [0, 255]
rank 3 / 4 : (3, 0) neigh N:S -2:2 neigh E:W -2:-2 local dims 64 x 256 local domain [192, 255] x [0, 255]
--------------------------------------------------------------------------------
simulation took 0.467835 seconds
2085 conjugate gradient iterations, at rate of 4456.7 iters/second
2016 newton iterations
--------------------------------------------------------------------------------
### 4, 256, 1000, 2085, 2016, 0.467835 ###
Goodbye!
Running mini-app with 4 processes on 256 x 256 grid...
rank 3 / 4 : (3, 0) neigh N:S -2:2 neigh E:W -2:-2 local dims 64 x 256 local domain [192, 255] x [0, 255]
rank 0 / 4 : (0, 0) neigh N:S 1:-2 neigh E:W -2:-2 local dims 64 x 256 local domain [0, 63] x [0, 255]
================================================================================
                      Welcome to mini-stencil!
version   :: C++ MPI
processes :: 4
mesh      :: 256 * 256 dx = 0.00392157
time      :: 1000 time steps from 0 .. 0.005
iteration :: CG 300, Newton 50, tolerance 1e-06
================================================================================
rank 1 / 4 : (1, 0) neigh N:S 2:0 neigh E:W -2:-2 local dims 64 x 256 local domain [64, 127] x [0, 255]
rank 2 / 4 : (2, 0) neigh N:S 3:1 neigh E:W -2:-2 local dims 64 x 256 local domain [128, 191] x [0, 255]
--------------------------------------------------------------------------------
simulation took 0.425131 seconds
2085 conjugate gradient iterations, at rate of 4904.38 iters/second
2016 newton iterations
--------------------------------------------------------------------------------
### 4, 256, 1000, 2085, 2016, 0.425131 ###
Goodbye!
Running mini-app with 4 processes on 256 x 256 grid...
rank 0 / 4 : (0, 0) neigh N:S 1:-2 neigh E:W -2:-2 local dims 64 x 256 local domain [0, 63] x [0, 255]
================================================================================
                      Welcome to mini-stencil!
version   :: C++ MPI
processes :: 4
mesh      :: 256 * 256 dx = 0.00392157
time      :: 1000 time steps from 0 .. 0.005
iteration :: CG 300, Newton 50, tolerance 1e-06
================================================================================
rank 1 / 4 : (1, 0) neigh N:S 2:0 neigh E:W -2:-2 local dims 64 x 256 local domain [64, 127] x [0, 255]
rank 2 / 4 : (2, 0) neigh N:S 3:1 neigh E:W -2:-2 local dims 64 x 256 local domain [128, 191] x [0, 255]
rank 3 / 4 : (3, 0) neigh N:S -2:2 neigh E:W -2:-2 local dims 64 x 256 local domain [192, 255] x [0, 255]
--------------------------------------------------------------------------------
simulation took 0.464369 seconds
2085 conjugate gradient iterations, at rate of 4489.96 iters/second
2016 newton iterations
--------------------------------------------------------------------------------
### 4, 256, 1000, 2085, 2016, 0.464369 ###
Goodbye!
Running mini-app with 4 processes on 256 x 256 grid...
rank 1 / 4 : (1, 0) neigh N:S 2:0 neigh E:W -2:-2 local dims 64 x 256 local domain [64, 127] x [0, 255]
rank 2 / 4 : (2, 0) neigh N:S 3:1 neigh E:W -2:-2 local dims 64 x 256 local domain [128, 191] x [0, 255]
rank 3 / 4 : (3, 0) neigh N:S -2:2 neigh E:W -2:-2 local dims 64 x 256 local domain [192, 255] x [0, 255]
rank 0 / 4 : (0, 0) neigh N:S 1:-2 neigh E:W -2:-2 local dims 64 x 256 local domain [0, 63] x [0, 255]
================================================================================
                      Welcome to mini-stencil!
version   :: C++ MPI
processes :: 4
mesh      :: 256 * 256 dx = 0.00392157
time      :: 1000 time steps from 0 .. 0.005
iteration :: CG 300, Newton 50, tolerance 1e-06
================================================================================
--------------------------------------------------------------------------------
simulation took 0.419252 seconds
2085 conjugate gradient iterations, at rate of 4973.14 iters/second
2016 newton iterations
--------------------------------------------------------------------------------
### 4, 256, 1000, 2085, 2016, 0.419252 ###
Goodbye!
Running mini-app with 16 processes on 512 x 512 grid...
rank 0 / 16 : (0, 0) neigh N:S 4:-2 neigh E:W 1:-2 local dims 128 x 128 local domain [0, 127] x [0, 127]
rank 1 / 16 : (0, 1) neigh N:S 5:-2 neigh E:W 2:0 local dims 128 x 128 local domain [0, 127] x [128, 255]
rank 2 / 16 : (0, 2) neigh N:S 6:-2 neigh E:W 3:1 local dims 128 x 128 local domain [0, 127] x [256, 383]
rank 3 / 16 : (0, 3) neigh N:S 7:-2 neigh E:W -2:2 local dims 128 x 128 local domain [0, 127] x [384, 511]
rank 4 / 16 : (1, 0) neigh N:S 8:0 neigh E:W 5:-2 local dims 128 x 128 local domain [128, 255] x [0, 127]
rank 5 / 16 : (1, 1) neigh N:S 9:1 neigh E:W 6:4 local dims 128 x 128 local domain [128, 255] x [128, 255]
rank 6 / 16 : (1, 2) neigh N:S 10:2 neigh E:W 7:5 local dims 128 x 128 local domain [128, 255] x [256, 383]
rank 7 / 16 : (1, 3) neigh N:S 11:3 neigh E:W -2:6 local dims 128 x 128 local domain [128, 255] x [384, 511]
rank 8 / 16 : (2, 0) neigh N:S 12:4 neigh E:W 9:-2 local dims 128 x 128 local domain [256, 383] x [0, 127]
rank 9 / 16 : (2, 1) neigh N:S 13:5 neigh E:W 10:8 local dims 128 x 128 local domain [256, 383] x [128, 255]
rank 10 / 16 : (2, 2) neigh N:S 14:6 neigh E:W 11:9 local dims 128 x 128 local domain [256, 383] x [256, 383]
rank 11 / 16 : (2, 3) neigh N:S 15:7 neigh E:W -2:10 local dims 128 x 128 local domain [256, 383] x [384, 511]
rank 12 / 16 : (3, 0) neigh N:S -2:8 neigh E:W 13:-2 local dims 128 x 128 local domain [384, 511] x [0, 127]
rank 13 / 16 : (3, 1) neigh N:S -2:9 neigh E:W 14:12 local dims 128 x 128 local domain [384, 511] x [128, 255]
rank 14 / 16 : (3, 2) neigh N:S -2:10 neigh E:W 15:13 local dims 128 x 128 local domain [384, 511] x [256, 383]
rank 15 / 16 : (3, 3) neigh N:S -2:11 neigh E:W -2:14 local dims 128 x 128 local domain [384, 511] x [384, 511]
================================================================================
                      Welcome to mini-stencil!
version   :: C++ MPI
processes :: 16
mesh      :: 512 * 512 dx = 0.00195695
time      :: 1000 time steps from 0 .. 0.005
iteration :: CG 300, Newton 50, tolerance 1e-06
================================================================================
--------------------------------------------------------------------------------
simulation took 1.26357 seconds
3840 conjugate gradient iterations, at rate of 3039 iters/second
2035 newton iterations
--------------------------------------------------------------------------------
### 16, 512, 1000, 3840, 2035, 1.26357 ###
Goodbye!
Running mini-app with 16 processes on 512 x 512 grid...
rank 0 / 16 : (0, 0) neigh N:S 4:-2 neigh E:W 1:-2 local dims 128 x 128 local domain [0, 127] x [0, 127]
rank 1 / 16 : (0, 1) neigh N:S 5:-2 neigh E:W 2:0 local dims 128 x 128 local domain [0, 127] x [128, 255]
rank 2 / 16 : (0, 2) neigh N:S 6:-2 neigh E:W 3:1 local dims 128 x 128 local domain [0, 127] x [256, 383]
rank 3 / 16 : (0, 3) neigh N:S 7:-2 neigh E:W -2:2 local dims 128 x 128 local domain [0, 127] x [384, 511]
rank 4 / 16 : (1, 0) neigh N:S 8:0 neigh E:W 5:-2 local dims 128 x 128 local domain [128, 255] x [0, 127]
rank 5 / 16 : (1, 1) neigh N:S 9:1 neigh E:W 6:4 local dims 128 x 128 local domain [128, 255] x [128, 255]
rank 6 / 16 : (1, 2) neigh N:S 10:2 neigh E:W 7:5 local dims 128 x 128 local domain [128, 255] x [256, 383]
rank 7 / 16 : (1, 3) neigh N:S 11:3 neigh E:W -2:6 local dims 128 x 128 local domain [128, 255] x [384, 511]
rank 8 / 16 : (2, 0) neigh N:S 12:4 neigh E:W 9:-2 local dims 128 x 128 local domain [256, 383] x [0, 127]
rank 9 / 16 : (2, 1) neigh N:S 13:5 neigh E:W 10:8 local dims 128 x 128 local domain [256, 383] x [128, 255]
rank 10 / 16 : (2, 2) neigh N:S 14:6 neigh E:W 11:9 local dims 128 x 128 local domain [256, 383] x [256, 383]
rank 11 / 16 : (2, 3) neigh N:S 15:7 neigh E:W -2:10 local dims 128 x 128 local domain [256, 383] x [384, 511]
rank 12 / 16 : (3, 0) neigh N:S -2:8 neigh E:W 13:-2 local dims 128 x 128 local domain [384, 511] x [0, 127]
rank 13 / 16 : (3, 1) neigh N:S -2:9 neigh E:W 14:12 local dims 128 x 128 local domain [384, 511] x [128, 255]
rank 14 / 16 : (3, 2) neigh N:S -2:10 neigh E:W 15:13 local dims 128 x 128 local domain [384, 511] x [256, 383]
rank 15 / 16 : (3, 3) neigh N:S -2:11 neigh E:W -2:14 local dims 128 x 128 local domain [384, 511] x [384, 511]
================================================================================
                      Welcome to mini-stencil!
version   :: C++ MPI
processes :: 16
mesh      :: 512 * 512 dx = 0.00195695
time      :: 1000 time steps from 0 .. 0.005
iteration :: CG 300, Newton 50, tolerance 1e-06
================================================================================
--------------------------------------------------------------------------------
simulation took 1.04087 seconds
3840 conjugate gradient iterations, at rate of 3689.21 iters/second
2035 newton iterations
--------------------------------------------------------------------------------
### 16, 512, 1000, 3840, 2035, 1.04087 ###
Goodbye!
Running mini-app with 16 processes on 512 x 512 grid...
rank 0 / 16 : (0, 0) neigh N:S 4:-2 neigh E:W 1:-2 local dims 128 x 128 local domain [0, 127] x [0, 127]
rank 1 / 16 : (0, 1) neigh N:S 5:-2 neigh E:W 2:0 local dims 128 x 128 local domain [0, 127] x [128, 255]
rank 2 / 16 : (0, 2) neigh N:S 6:-2 neigh E:W 3:1 local dims 128 x 128 local domain [0, 127] x [256, 383]
rank 3 / 16 : (0, 3) neigh N:S 7:-2 neigh E:W -2:2 local dims 128 x 128 local domain [0, 127] x [384, 511]
rank 4 / 16 : (1, 0) neigh N:S 8:0 neigh E:W 5:-2 local dims 128 x 128 local domain [128, 255] x [0, 127]
rank 5 / 16 : (1, 1) neigh N:S 9:1 neigh E:W 6:4 local dims 128 x 128 local domain [128, 255] x [128, 255]
rank 6 / 16 : (1, 2) neigh N:S 10:2 neigh E:W 7:5 local dims 128 x 128 local domain [128, 255] x [256, 383]
rank 7 / 16 : (1, 3) neigh N:S 11:3 neigh E:W -2:6 local dims 128 x 128 local domain [128, 255] x [384, 511]
rank 8 / 16 : (2, 0) neigh N:S 12:4 neigh E:W 9:-2 local dims 128 x 128 local domain [256, 383] x [0, 127]
rank 9 / 16 : (2, 1) neigh N:S 13:5 neigh E:W 10:8 local dims 128 x 128 local domain [256, 383] x [128, 255]
rank 10 / 16 : (2, 2) neigh N:S 14:6 neigh E:W 11:9 local dims 128 x 128 local domain [256, 383] x [256, 383]
rank 11 / 16 : (2, 3) neigh N:S 15:7 neigh E:W -2:10 local dims 128 x 128 local domain [256, 383] x [384, 511]
rank 12 / 16 : (3, 0) neigh N:S -2:8 neigh E:W 13:-2 local dims 128 x 128 local domain [384, 511] x [0, 127]
rank 13 / 16 : (3, 1) neigh N:S -2:9 neigh E:W 14:12 local dims 128 x 128 local domain [384, 511] x [128, 255]
rank 14 / 16 : (3, 2) neigh N:S -2:10 neigh E:W 15:13 local dims 128 x 128 local domain [384, 511] x [256, 383]
rank 15 / 16 : (3, 3) neigh N:S -2:11 neigh E:W -2:14 local dims 128 x 128 local domain [384, 511] x [384, 511]
================================================================================
                      Welcome to mini-stencil!
version   :: C++ MPI
processes :: 16
mesh      :: 512 * 512 dx = 0.00195695
time      :: 1000 time steps from 0 .. 0.005
iteration :: CG 300, Newton 50, tolerance 1e-06
================================================================================
--------------------------------------------------------------------------------
simulation took 0.749029 seconds
3840 conjugate gradient iterations, at rate of 5126.64 iters/second
2035 newton iterations
--------------------------------------------------------------------------------
### 16, 512, 1000, 3840, 2035, 0.749029 ###
Goodbye!
Running mini-app with 16 processes on 512 x 512 grid...
rank 5 / 16 : (1, 1) neigh N:S 9:1 neigh E:W 6:4 local dims 128 x 128 local domain [128, 255] x [128, 255]
rank 6 / 16 : (1, 2) neigh N:S 10:2 neigh E:W 7:5 local dims 128 x 128 local domain [128, 255] x [256, 383]
rank 7 / 16 : (1, 3) neigh N:S 11:3 neigh E:W -2:6 local dims 128 x 128 local domain [128, 255] x [384, 511]
rank 8 / 16 : (2, 0) neigh N:S 12:4 neigh E:W 9:-2 local dims 128 x 128 local domain [256, 383] x [0, 127]
rank 9 / 16 : (2, 1) neigh N:S 13:5 neigh E:W 10:8 local dims 128 x 128 local domain [256, 383] x [128, 255]
rank 10 / 16 : (2, 2) neigh N:S 14:6 neigh E:W 11:9 local dims 128 x 128 local domain [256, 383] x [256, 383]
rank 11 / 16 : (2, 3) neigh N:S 15:7 neigh E:W -2:10 local dims 128 x 128 local domain [256, 383] x [384, 511]
rank 12 / 16 : (3, 0) neigh N:S -2:8 neigh E:W 13:-2 local dims 128 x 128 local domain [384, 511] x [0, 127]
rank 13 / 16 : (3, 1) neigh N:S -2:9 neigh E:W 14:12 local dims 128 x 128 local domain [384, 511] x [128, 255]
rank 14 / 16 : (3, 2) neigh N:S -2:10 neigh E:W 15:13 local dims 128 x 128 local domain [384, 511] x [256, 383]
rank 15 / 16 : (3, 3) neigh N:S -2:11 neigh E:W -2:14 local dims 128 x 128 local domain [384, 511] x [384, 511]
rank 0 / 16 : (0, 0) neigh N:S 4:-2 neigh E:W 1:-2 local dims 128 x 128 local domain [0, 127] x [0, 127]
================================================================================
                      Welcome to mini-stencil!
version   :: C++ MPI
processes :: 16
mesh      :: 512 * 512 dx = 0.00195695
time      :: 1000 time steps from 0 .. 0.005
iteration :: CG 300, Newton 50, tolerance 1e-06
================================================================================
rank 1 / 16 : (0, 1) neigh N:S 5:-2 neigh E:W 2:0 local dims 128 x 128 local domain [0, 127] x [128, 255]
rank 2 / 16 : (0, 2) neigh N:S 6:-2 neigh E:W 3:1 local dims 128 x 128 local domain [0, 127] x [256, 383]
rank 3 / 16 : (0, 3) neigh N:S 7:-2 neigh E:W -2:2 local dims 128 x 128 local domain [0, 127] x [384, 511]
rank 4 / 16 : (1, 0) neigh N:S 8:0 neigh E:W 5:-2 local dims 128 x 128 local domain [128, 255] x [0, 127]
--------------------------------------------------------------------------------
simulation took 0.661489 seconds
3840 conjugate gradient iterations, at rate of 5805.08 iters/second
2035 newton iterations
--------------------------------------------------------------------------------
### 16, 512, 1000, 3840, 2035, 0.661489 ###
Goodbye!
Running mini-app with 16 processes on 512 x 512 grid...
rank 3 / 16 : (0, 3) neigh N:S 7:-2 neigh E:W -2:2 local dims 128 x 128 local domain [0, 127] x [384, 511]
rank 4 / 16 : (1, 0) neigh N:S 8:0 neigh E:W 5:-2 local dims 128 x 128 local domain [128, 255] x [0, 127]
rank 5 / 16 : (1, 1) neigh N:S 9:1 neigh E:W 6:4 local dims 128 x 128 local domain [128, 255] x [128, 255]
rank 6 / 16 : (1, 2) neigh N:S 10:2 neigh E:W 7:5 local dims 128 x 128 local domain [128, 255] x [256, 383]
rank 7 / 16 : (1, 3) neigh N:S 11:3 neigh E:W -2:6 local dims 128 x 128 local domain [128, 255] x [384, 511]
rank 8 / 16 : (2, 0) neigh N:S 12:4 neigh E:W 9:-2 local dims 128 x 128 local domain [256, 383] x [0, 127]
rank 9 / 16 : (2, 1) neigh N:S 13:5 neigh E:W 10:8 local dims 128 x 128 local domain [256, 383] x [128, 255]
rank 10 / 16 : (2, 2) neigh N:S 14:6 neigh E:W 11:9 local dims 128 x 128 local domain [256, 383] x [256, 383]
rank 11 / 16 : (2, 3) neigh N:S 15:7 neigh E:W -2:10 local dims 128 x 128 local domain [256, 383] x [384, 511]
rank 12 / 16 : (3, 0) neigh N:S -2:8 neigh E:W 13:-2 local dims 128 x 128 local domain [384, 511] x [0, 127]
rank 13 / 16 : (3, 1) neigh N:S -2:9 neigh E:W 14:12 local dims 128 x 128 local domain [384, 511] x [128, 255]
rank 14 / 16 : (3, 2) neigh N:S -2:10 neigh E:W 15:13 local dims 128 x 128 local domain [384, 511] x [256, 383]
rank 15 / 16 : (3, 3) neigh N:S -2:11 neigh E:W -2:14 local dims 128 x 128 local domain [384, 511] x [384, 511]
rank 0 / 16 : (0, 0) neigh N:S 4:-2 neigh E:W 1:-2 local dims 128 x 128 local domain [0, 127] x [0, 127]
================================================================================
                      Welcome to mini-stencil!
version   :: C++ MPI
processes :: 16
mesh      :: 512 * 512 dx = 0.00195695
time      :: 1000 time steps from 0 .. 0.005
iteration :: CG 300, Newton 50, tolerance 1e-06
================================================================================
rank 1 / 16 : (0, 1) neigh N:S 5:-2 neigh E:W 2:0 local dims 128 x 128 local domain [0, 127] x [128, 255]
rank 2 / 16 : (0, 2) neigh N:S 6:-2 neigh E:W 3:1 local dims 128 x 128 local domain [0, 127] x [256, 383]
--------------------------------------------------------------------------------
simulation took 0.612182 seconds
3840 conjugate gradient iterations, at rate of 6272.65 iters/second
2035 newton iterations
--------------------------------------------------------------------------------
### 16, 512, 1000, 3840, 2035, 0.612182 ###
Goodbye!
Running mini-app with 64 processes on 1024 x 1024 grid...
Running mini-app with 64 processes on 1024 x 1024 grid...
Running mini-app with 64 processes on 1024 x 1024 grid...
Running mini-app with 64 processes on 1024 x 1024 grid...
Running mini-app with 64 processes on 1024 x 1024 grid...
Running mini-app with 1 processes on 256 x 256 grid...
Running mini-app with 1 processes on 256 x 256 grid...
Running mini-app with 1 processes on 256 x 256 grid...
Running mini-app with 1 processes on 256 x 256 grid...
Running mini-app with 1 processes on 256 x 256 grid...
Running mini-app with 4 processes on 512 x 512 grid...
rank 2 / 4 : (2, 0) neigh N:S 3:1 neigh E:W -2:-2 local dims 128 x 512 local domain [256, 383] x [0, 511]
rank 3 / 4 : (3, 0) neigh N:S -2:2 neigh E:W -2:-2 local dims 128 x 512 local domain [384, 511] x [0, 511]
rank 0 / 4 : (0, 0) neigh N:S 1:-2 neigh E:W -2:-2 local dims 128 x 512 local domain [0, 127] x [0, 511]
================================================================================
                      Welcome to mini-stencil!
version   :: C++ MPI
processes :: 4
mesh      :: 512 * 512 dx = 0.00195695
time      :: 1000 time steps from 0 .. 0.005
iteration :: CG 300, Newton 50, tolerance 1e-06
================================================================================
rank 1 / 4 : (1, 0) neigh N:S 2:0 neigh E:W -2:-2 local dims 128 x 512 local domain [128, 255] x [0, 511]
--------------------------------------------------------------------------------
simulation took 2.31412 seconds
3640 conjugate gradient iterations, at rate of 1572.95 iters/second
2010 newton iterations
--------------------------------------------------------------------------------
### 4, 512, 1000, 3640, 2010, 2.31412 ###
Goodbye!
Running mini-app with 4 processes on 512 x 512 grid...
rank 0 / 4 : (0, 0) neigh N:S 1:-2 neigh E:W -2:-2 local dims 128 x 512 local domain [0, 127] x [0, 511]
================================================================================
                      Welcome to mini-stencil!
version   :: C++ MPI
processes :: 4
mesh      :: 512 * 512 dx = 0.00195695
time      :: 1000 time steps from 0 .. 0.005
iteration :: CG 300, Newton 50, tolerance 1e-06
================================================================================
rank 1 / 4 : (1, 0) neigh N:S 2:0 neigh E:W -2:-2 local dims 128 x 512 local domain [128, 255] x [0, 511]
rank 2 / 4 : (2, 0) neigh N:S 3:1 neigh E:W -2:-2 local dims 128 x 512 local domain [256, 383] x [0, 511]
rank 3 / 4 : (3, 0) neigh N:S -2:2 neigh E:W -2:-2 local dims 128 x 512 local domain [384, 511] x [0, 511]
--------------------------------------------------------------------------------
simulation took 2.38594 seconds
3640 conjugate gradient iterations, at rate of 1525.6 iters/second
2010 newton iterations
--------------------------------------------------------------------------------
### 4, 512, 1000, 3640, 2010, 2.38594 ###
Goodbye!
Running mini-app with 4 processes on 512 x 512 grid...
rank 0 / 4 : (0, 0) neigh N:S 1:-2 neigh E:W -2:-2 local dims 128 x 512 local domain [0, 127] x [0, 511]
================================================================================
                      Welcome to mini-stencil!
version   :: C++ MPI
processes :: 4
mesh      :: 512 * 512 dx = 0.00195695
time      :: 1000 time steps from 0 .. 0.005
iteration :: CG 300, Newton 50, tolerance 1e-06
================================================================================
rank 1 / 4 : (1, 0) neigh N:S 2:0 neigh E:W -2:-2 local dims 128 x 512 local domain [128, 255] x [0, 511]
rank 2 / 4 : (2, 0) neigh N:S 3:1 neigh E:W -2:-2 local dims 128 x 512 local domain [256, 383] x [0, 511]
rank 3 / 4 : (3, 0) neigh N:S -2:2 neigh E:W -2:-2 local dims 128 x 512 local domain [384, 511] x [0, 511]
--------------------------------------------------------------------------------
simulation took 2.36005 seconds
3640 conjugate gradient iterations, at rate of 1542.34 iters/second
2010 newton iterations
--------------------------------------------------------------------------------
### 4, 512, 1000, 3640, 2010, 2.36005 ###
Goodbye!
Running mini-app with 4 processes on 512 x 512 grid...
rank 0 / 4 : (0, 0) neigh N:S 1:-2 neigh E:W -2:-2 local dims 128 x 512 local domain [0, 127] x [0, 511]
================================================================================
                      Welcome to mini-stencil!
version   :: C++ MPI
processes :: 4
mesh      :: 512 * 512 dx = 0.00195695
time      :: 1000 time steps from 0 .. 0.005
iteration :: CG 300, Newton 50, tolerance 1e-06
================================================================================
rank 1 / 4 : (1, 0) neigh N:S 2:0 neigh E:W -2:-2 local dims 128 x 512 local domain [128, 255] x [0, 511]
rank 2 / 4 : (2, 0) neigh N:S 3:1 neigh E:W -2:-2 local dims 128 x 512 local domain [256, 383] x [0, 511]
rank 3 / 4 : (3, 0) neigh N:S -2:2 neigh E:W -2:-2 local dims 128 x 512 local domain [384, 511] x [0, 511]
--------------------------------------------------------------------------------
simulation took 2.14298 seconds
3640 conjugate gradient iterations, at rate of 1698.57 iters/second
2010 newton iterations
--------------------------------------------------------------------------------
### 4, 512, 1000, 3640, 2010, 2.14298 ###
Goodbye!
Running mini-app with 4 processes on 512 x 512 grid...
rank 0 / 4 : (0, 0) neigh N:S 1:-2 neigh E:W -2:-2 local dims 128 x 512 local domain [0, 127] x [0, 511]
================================================================================
                      Welcome to mini-stencil!
version   :: C++ MPI
processes :: 4
mesh      :: 512 * 512 dx = 0.00195695
time      :: 1000 time steps from 0 .. 0.005
iteration :: CG 300, Newton 50, tolerance 1e-06
================================================================================
rank 1 / 4 : (1, 0) neigh N:S 2:0 neigh E:W -2:-2 local dims 128 x 512 local domain [128, 255] x [0, 511]
rank 2 / 4 : (2, 0) neigh N:S 3:1 neigh E:W -2:-2 local dims 128 x 512 local domain [256, 383] x [0, 511]
rank 3 / 4 : (3, 0) neigh N:S -2:2 neigh E:W -2:-2 local dims 128 x 512 local domain [384, 511] x [0, 511]
--------------------------------------------------------------------------------
simulation took 1.93831 seconds
3640 conjugate gradient iterations, at rate of 1877.92 iters/second
2010 newton iterations
--------------------------------------------------------------------------------
### 4, 512, 1000, 3640, 2010, 1.93831 ###
Goodbye!
Running mini-app with 16 processes on 1024 x 1024 grid...
rank 14 / 16 : (3, 2) neigh N:S -2:10 neigh E:W 15:13 local dims 256 x 256 local domain [768, 1023] x [512, 767]
rank 15 / 16 : (3, 3) neigh N:S -2:11 neigh E:W -2:14 local dims 256 x 256 local domain [768, 1023] x [768, 1023]
rank 0 / 16 : (0, 0) neigh N:S 4:-2 neigh E:W 1:-2 local dims 256 x 256 local domain [0, 255] x [0, 255]
================================================================================
                      Welcome to mini-stencil!
version   :: C++ MPI
processes :: 16
mesh      :: 1024 * 1024 dx = 0.000977517
time      :: 1000 time steps from 0 .. 0.005
iteration :: CG 300, Newton 50, tolerance 1e-06
================================================================================
rank 1 / 16 : (0, 1) neigh N:S 5:-2 neigh E:W 2:0 local dims 256 x 256 local domain [0, 255] x [256, 511]
rank 2 / 16 : (0, 2) neigh N:S 6:-2 neigh E:W 3:1 local dims 256 x 256 local domain [0, 255] x [512, 767]
rank 3 / 16 : (0, 3) neigh N:S 7:-2 neigh E:W -2:2 local dims 256 x 256 local domain [0, 255] x [768, 1023]
rank 4 / 16 : (1, 0) neigh N:S 8:0 neigh E:W 5:-2 local dims 256 x 256 local domain [256, 511] x [0, 255]
rank 5 / 16 : (1, 1) neigh N:S 9:1 neigh E:W 6:4 local dims 256 x 256 local domain [256, 511] x [256, 511]
rank 6 / 16 : (1, 2) neigh N:S 10:2 neigh E:W 7:5 local dims 256 x 256 local domain [256, 511] x [512, 767]
rank 7 / 16 : (1, 3) neigh N:S 11:3 neigh E:W -2:6 local dims 256 x 256 local domain [256, 511] x [768, 1023]
rank 8 / 16 : (2, 0) neigh N:S 12:4 neigh E:W 9:-2 local dims 256 x 256 local domain [512, 767] x [0, 255]
rank 9 / 16 : (2, 1) neigh N:S 13:5 neigh E:W 10:8 local dims 256 x 256 local domain [512, 767] x [256, 511]
rank 10 / 16 : (2, 2) neigh N:S 14:6 neigh E:W 11:9 local dims 256 x 256 local domain [512, 767] x [512, 767]
rank 11 / 16 : (2, 3) neigh N:S 15:7 neigh E:W -2:10 local dims 256 x 256 local domain [512, 767] x [768, 1023]
rank 12 / 16 : (3, 0) neigh N:S -2:8 neigh E:W 13:-2 local dims 256 x 256 local domain [768, 1023] x [0, 255]
rank 13 / 16 : (3, 1) neigh N:S -2:9 neigh E:W 14:12 local dims 256 x 256 local domain [768, 1023] x [256, 511]
--------------------------------------------------------------------------------
simulation took 3.30698 seconds
7148 conjugate gradient iterations, at rate of 2161.49 iters/second
2024 newton iterations
--------------------------------------------------------------------------------
### 16, 1024, 1000, 7148, 2024, 3.30698 ###
Goodbye!
Running mini-app with 16 processes on 1024 x 1024 grid...
rank 0 / 16 : (0, 0) neigh N:S 4:-2 neigh E:W 1:-2 local dims 256 x 256 local domain [0, 255] x [0, 255]
rank 1 / 16 : (0, 1) neigh N:S 5:-2 neigh E:W 2:0 local dims 256 x 256 local domain [0, 255] x [256, 511]
rank 2 / 16 : (0, 2) neigh N:S 6:-2 neigh E:W 3:1 local dims 256 x 256 local domain [0, 255] x [512, 767]
rank 3 / 16 : (0, 3) neigh N:S 7:-2 neigh E:W -2:2 local dims 256 x 256 local domain [0, 255] x [768, 1023]
rank 4 / 16 : (1, 0) neigh N:S 8:0 neigh E:W 5:-2 local dims 256 x 256 local domain [256, 511] x [0, 255]
rank 5 / 16 : (1, 1) neigh N:S 9:1 neigh E:W 6:4 local dims 256 x 256 local domain [256, 511] x [256, 511]
rank 6 / 16 : (1, 2) neigh N:S 10:2 neigh E:W 7:5 local dims 256 x 256 local domain [256, 511] x [512, 767]
rank 7 / 16 : (1, 3) neigh N:S 11:3 neigh E:W -2:6 local dims 256 x 256 local domain [256, 511] x [768, 1023]
rank 8 / 16 : (2, 0) neigh N:S 12:4 neigh E:W 9:-2 local dims 256 x 256 local domain [512, 767] x [0, 255]
rank 9 / 16 : (2, 1) neigh N:S 13:5 neigh E:W 10:8 local dims 256 x 256 local domain [512, 767] x [256, 511]
rank 10 / 16 : (2, 2) neigh N:S 14:6 neigh E:W 11:9 local dims 256 x 256 local domain [512, 767] x [512, 767]
rank 11 / 16 : (2, 3) neigh N:S 15:7 neigh E:W -2:10 local dims 256 x 256 local domain [512, 767] x [768, 1023]
rank 12 / 16 : (3, 0) neigh N:S -2:8 neigh E:W 13:-2 local dims 256 x 256 local domain [768, 1023] x [0, 255]
rank 13 / 16 : (3, 1) neigh N:S -2:9 neigh E:W 14:12 local dims 256 x 256 local domain [768, 1023] x [256, 511]
rank 14 / 16 : (3, 2) neigh N:S -2:10 neigh E:W 15:13 local dims 256 x 256 local domain [768, 1023] x [512, 767]
rank 15 / 16 : (3, 3) neigh N:S -2:11 neigh E:W -2:14 local dims 256 x 256 local domain [768, 1023] x [768, 1023]
================================================================================
                      Welcome to mini-stencil!
version   :: C++ MPI
processes :: 16
mesh      :: 1024 * 1024 dx = 0.000977517
time      :: 1000 time steps from 0 .. 0.005
iteration :: CG 300, Newton 50, tolerance 1e-06
================================================================================
--------------------------------------------------------------------------------
simulation took 7.29484 seconds
7148 conjugate gradient iterations, at rate of 979.871 iters/second
2024 newton iterations
--------------------------------------------------------------------------------
### 16, 1024, 1000, 7148, 2024, 7.29484 ###
Goodbye!
Running mini-app with 16 processes on 1024 x 1024 grid...
rank 1 / 16 : (0, 1) neigh N:S 5:-2 neigh E:W 2:0 local dims 256 x 256 local domain [0, 255] x [256, 511]
rank 2 / 16 : (0, 2) neigh N:S 6:-2 neigh E:W 3:1 local dims 256 x 256 local domain [0, 255] x [512, 767]
rank 3 / 16 : (0, 3) neigh N:S 7:-2 neigh E:W -2:2 local dims 256 x 256 local domain [0, 255] x [768, 1023]
rank 4 / 16 : (1, 0) neigh N:S 8:0 neigh E:W 5:-2 local dims 256 x 256 local domain [256, 511] x [0, 255]
rank 5 / 16 : (1, 1) neigh N:S 9:1 neigh E:W 6:4 local dims 256 x 256 local domain [256, 511] x [256, 511]
rank 6 / 16 : (1, 2) neigh N:S 10:2 neigh E:W 7:5 local dims 256 x 256 local domain [256, 511] x [512, 767]
rank 7 / 16 : (1, 3) neigh N:S 11:3 neigh E:W -2:6 local dims 256 x 256 local domain [256, 511] x [768, 1023]
rank 8 / 16 : (2, 0) neigh N:S 12:4 neigh E:W 9:-2 local dims 256 x 256 local domain [512, 767] x [0, 255]
rank 9 / 16 : (2, 1) neigh N:S 13:5 neigh E:W 10:8 local dims 256 x 256 local domain [512, 767] x [256, 511]
rank 10 / 16 : (2, 2) neigh N:S 14:6 neigh E:W 11:9 local dims 256 x 256 local domain [512, 767] x [512, 767]
rank 11 / 16 : (2, 3) neigh N:S 15:7 neigh E:W -2:10 local dims 256 x 256 local domain [512, 767] x [768, 1023]
rank 12 / 16 : (3, 0) neigh N:S -2:8 neigh E:W 13:-2 local dims 256 x 256 local domain [768, 1023] x [0, 255]
rank 13 / 16 : (3, 1) neigh N:S -2:9 neigh E:W 14:12 local dims 256 x 256 local domain [768, 1023] x [256, 511]
rank 14 / 16 : (3, 2) neigh N:S -2:10 neigh E:W 15:13 local dims 256 x 256 local domain [768, 1023] x [512, 767]
rank 15 / 16 : (3, 3) neigh N:S -2:11 neigh E:W -2:14 local dims 256 x 256 local domain [768, 1023] x [768, 1023]
rank 0 / 16 : (0, 0) neigh N:S 4:-2 neigh E:W 1:-2 local dims 256 x 256 local domain [0, 255] x [0, 255]
================================================================================
                      Welcome to mini-stencil!
version   :: C++ MPI
processes :: 16
mesh      :: 1024 * 1024 dx = 0.000977517
time      :: 1000 time steps from 0 .. 0.005
iteration :: CG 300, Newton 50, tolerance 1e-06
================================================================================
--------------------------------------------------------------------------------
simulation took 3.01398 seconds
7148 conjugate gradient iterations, at rate of 2371.61 iters/second
2024 newton iterations
--------------------------------------------------------------------------------
### 16, 1024, 1000, 7148, 2024, 3.01398 ###
Goodbye!
Running mini-app with 16 processes on 1024 x 1024 grid...
rank 0 / 16 : (0, 0) neigh N:S 4:-2 neigh E:W 1:-2 local dims 256 x 256 local domain [0, 255] x [0, 255]
rank 1 / 16 : (0, 1) neigh N:S 5:-2 neigh E:W 2:0 local dims 256 x 256 local domain [0, 255] x [256, 511]
rank 2 / 16 : (0, 2) neigh N:S 6:-2 neigh E:W 3:1 local dims 256 x 256 local domain [0, 255] x [512, 767]
rank 3 / 16 : (0, 3) neigh N:S 7:-2 neigh E:W -2:2 local dims 256 x 256 local domain [0, 255] x [768, 1023]
rank 4 / 16 : (1, 0) neigh N:S 8:0 neigh E:W 5:-2 local dims 256 x 256 local domain [256, 511] x [0, 255]
rank 5 / 16 : (1, 1) neigh N:S 9:1 neigh E:W 6:4 local dims 256 x 256 local domain [256, 511] x [256, 511]
rank 6 / 16 : (1, 2) neigh N:S 10:2 neigh E:W 7:5 local dims 256 x 256 local domain [256, 511] x [512, 767]
rank 7 / 16 : (1, 3) neigh N:S 11:3 neigh E:W -2:6 local dims 256 x 256 local domain [256, 511] x [768, 1023]
rank 8 / 16 : (2, 0) neigh N:S 12:4 neigh E:W 9:-2 local dims 256 x 256 local domain [512, 767] x [0, 255]
rank 9 / 16 : (2, 1) neigh N:S 13:5 neigh E:W 10:8 local dims 256 x 256 local domain [512, 767] x [256, 511]
rank 10 / 16 : (2, 2) neigh N:S 14:6 neigh E:W 11:9 local dims 256 x 256 local domain [512, 767] x [512, 767]
rank 11 / 16 : (2, 3) neigh N:S 15:7 neigh E:W -2:10 local dims 256 x 256 local domain [512, 767] x [768, 1023]
rank 12 / 16 : (3, 0) neigh N:S -2:8 neigh E:W 13:-2 local dims 256 x 256 local domain [768, 1023] x [0, 255]
rank 13 / 16 : (3, 1) neigh N:S -2:9 neigh E:W 14:12 local dims 256 x 256 local domain [768, 1023] x [256, 511]
rank 14 / 16 : (3, 2) neigh N:S -2:10 neigh E:W 15:13 local dims 256 x 256 local domain [768, 1023] x [512, 767]
rank 15 / 16 : (3, 3) neigh N:S -2:11 neigh E:W -2:14 local dims 256 x 256 local domain [768, 1023] x [768, 1023]
================================================================================
                      Welcome to mini-stencil!
version   :: C++ MPI
processes :: 16
mesh      :: 1024 * 1024 dx = 0.000977517
time      :: 1000 time steps from 0 .. 0.005
iteration :: CG 300, Newton 50, tolerance 1e-06
================================================================================
--------------------------------------------------------------------------------
simulation took 6.06265 seconds
7148 conjugate gradient iterations, at rate of 1179.02 iters/second
2024 newton iterations
--------------------------------------------------------------------------------
### 16, 1024, 1000, 7148, 2024, 6.06265 ###
Goodbye!
Running mini-app with 16 processes on 1024 x 1024 grid...
rank 2 / 16 : (0, 2) neigh N:S 6:-2 neigh E:W 3:1 local dims 256 x 256 local domain [0, 255] x [512, 767]
rank 3 / 16 : (0, 3) neigh N:S 7:-2 neigh E:W -2:2 local dims 256 x 256 local domain [0, 255] x [768, 1023]
rank 4 / 16 : (1, 0) neigh N:S 8:0 neigh E:W 5:-2 local dims 256 x 256 local domain [256, 511] x [0, 255]
rank 5 / 16 : (1, 1) neigh N:S 9:1 neigh E:W 6:4 local dims 256 x 256 local domain [256, 511] x [256, 511]
rank 6 / 16 : (1, 2) neigh N:S 10:2 neigh E:W 7:5 local dims 256 x 256 local domain [256, 511] x [512, 767]
rank 7 / 16 : (1, 3) neigh N:S 11:3 neigh E:W -2:6 local dims 256 x 256 local domain [256, 511] x [768, 1023]
rank 8 / 16 : (2, 0) neigh N:S 12:4 neigh E:W 9:-2 local dims 256 x 256 local domain [512, 767] x [0, 255]
rank 9 / 16 : (2, 1) neigh N:S 13:5 neigh E:W 10:8 local dims 256 x 256 local domain [512, 767] x [256, 511]
rank 10 / 16 : (2, 2) neigh N:S 14:6 neigh E:W 11:9 local dims 256 x 256 local domain [512, 767] x [512, 767]
rank 11 / 16 : (2, 3) neigh N:S 15:7 neigh E:W -2:10 local dims 256 x 256 local domain [512, 767] x [768, 1023]
rank 12 / 16 : (3, 0) neigh N:S -2:8 neigh E:W 13:-2 local dims 256 x 256 local domain [768, 1023] x [0, 255]
rank 13 / 16 : (3, 1) neigh N:S -2:9 neigh E:W 14:12 local dims 256 x 256 local domain [768, 1023] x [256, 511]
rank 14 / 16 : (3, 2) neigh N:S -2:10 neigh E:W 15:13 local dims 256 x 256 local domain [768, 1023] x [512, 767]
rank 15 / 16 : (3, 3) neigh N:S -2:11 neigh E:W -2:14 local dims 256 x 256 local domain [768, 1023] x [768, 1023]
rank 0 / 16 : (0, 0) neigh N:S 4:-2 neigh E:W 1:-2 local dims 256 x 256 local domain [0, 255] x [0, 255]
================================================================================
                      Welcome to mini-stencil!
version   :: C++ MPI
processes :: 16
mesh      :: 1024 * 1024 dx = 0.000977517
time      :: 1000 time steps from 0 .. 0.005
iteration :: CG 300, Newton 50, tolerance 1e-06
================================================================================
rank 1 / 16 : (0, 1) neigh N:S 5:-2 neigh E:W 2:0 local dims 256 x 256 local domain [0, 255] x [256, 511]
--------------------------------------------------------------------------------
simulation took 3.11014 seconds
7148 conjugate gradient iterations, at rate of 2298.29 iters/second
2024 newton iterations
--------------------------------------------------------------------------------
### 16, 1024, 1000, 7148, 2024, 3.11014 ###
Goodbye!
Running mini-app with 64 processes on 2048 x 2048 grid...
Running mini-app with 64 processes on 2048 x 2048 grid...
Running mini-app with 64 processes on 2048 x 2048 grid...
Running mini-app with 64 processes on 2048 x 2048 grid...
Running mini-app with 64 processes on 2048 x 2048 grid...
Done.
